Success (6):
content 94997 _a-0000e6bf-1eb2-8000-6234-01ef9001ef90_1048166 "CK Jen Folder"
content 95000 _a-0000e6bf-1eb2-8000-6234-01ef9001ef90_1048173 "CK_TEST_DEMO_NEW"
content 94999 _a-0000e6bf-1eb2-8000-6234-01ef9001ef90_1048180 "CK_TEST_CONSTANT"
content 95006 _a-0000e6bf-1eb2-8000-6234-01ef9001ef90_1048239 "CK_TEST_CONSTANT_ITEM"
content 124545 _a-0000e6d3-139b-8000-623e-01ef9001ef90_1193759 "CK_NEW_CONSTANT"
application 94996 _a-0000e6bf-1eb2-8000-6234-01ef9001ef90_1048160 "CK Project"

Trace:
2021-08-25 05:02:04.311 DEBUG application 94996 _a-0000e6bf-1eb2-8000-6234-01ef9001ef90_1048160 Begin transport.
2021-08-25 05:02:04.311 DEBUG application 94996 _a-0000e6bf-1eb2-8000-6234-01ef9001ef90_1048160 Retrieving object data.
2021-08-25 05:02:04.315 DEBUG application 94996 _a-0000e6bf-1eb2-8000-6234-01ef9001ef90_1048160 App associated objects: [content=[_a-0000e6bf-1eb2-8000-6234-01ef9001ef90_1048166, _a-0000e6bf-1eb2-8000-6234-01ef9001ef90_1048173, _a-0000e6bf-1eb2-8000-6234-01ef9001ef90_1048180, _a-0000e6bf-1eb2-8000-6234-01ef9001ef90_1048239, _a-0000e6d3-139b-8000-623e-01ef9001ef90_1193759]]
2021-08-25 05:02:04.316 DEBUG application 94996 _a-0000e6bf-1eb2-8000-6234-01ef9001ef90_1048160 Invalid associated objects: []
2021-08-25 05:02:04.316 DEBUG application 94996 _a-0000e6bf-1eb2-8000-6234-01ef9001ef90_1048160 Adding valid associated objects to be exported: GlobalBindingMap[content={_a-0000e6bf-1eb2-8000-6234-01ef9001ef90_1048166=94997, _a-0000e6bf-1eb2-8000-6234-01ef9001ef90_1048173=95000, _a-0000e6bf-1eb2-8000-6234-01ef9001ef90_1048180=94999, _a-0000e6bf-1eb2-8000-6234-01ef9001ef90_1048239=95006, _a-0000e6d3-139b-8000-623e-01ef9001ef90_1193759=124545}]
2021-08-25 05:02:04.316 DEBUG application 94996 _a-0000e6bf-1eb2-8000-6234-01ef9001ef90_1048160 Setting uuids of object references.
2021-08-25 05:02:04.317 DEBUG application 94996 _a-0000e6bf-1eb2-8000-6234-01ef9001ef90_1048160 Processing reference: Application.forum
2021-08-25 05:02:04.317 DEBUG application 94996 _a-0000e6bf-1eb2-8000-6234-01ef9001ef90_1048160 Processing reference: Application.parent
2021-08-25 05:02:04.319 DEBUG application 94996 _a-0000e6bf-1eb2-8000-6234-01ef9001ef90_1048160 Processing reference: com.appiancorp.suiteapi.content.ContentRoleMap@73991c[
  ContentRole[name=readers,inherit=false,allowForAll=false]
  ContentRole[name=authors,inherit=false,allowForAll=false]
  ContentRole[name=administrators,inherit=false,allowForAll=false]
  ContentRole[name=denyReaders,inherit=false,allowForAll=false]
  ContentRole[name=denyAuthors,inherit=false,allowForAll=false]
  ContentRole[name=denyAdministrators,inherit=false,allowForAll=false]
  securityVector=1:SEC_PUBLIC=true,SEC_CREATOR_ADMIN=false,SEC_INH_ADMIN=false,SEC_INH_EDITOR=false,SEC_INH_VIEWER=false,SEC_ALL_ADMIN=false,SEC_ALL_EDITOR=false,SEC_ALL_VIEWER=false
]
2021-08-25 05:02:04.319 DEBUG application 94996 _a-0000e6bf-1eb2-8000-6234-01ef9001ef90_1048160 Processing reference: ContentRole[name=readers,inherit=false,allowForAll=false]
2021-08-25 05:02:04.319 DEBUG application 94996 _a-0000e6bf-1eb2-8000-6234-01ef9001ef90_1048160 Processing reference: ContentRole[name=authors,inherit=false,allowForAll=false]
2021-08-25 05:02:04.319 DEBUG application 94996 _a-0000e6bf-1eb2-8000-6234-01ef9001ef90_1048160 Processing reference: ContentRole[name=administrators,inherit=false,allowForAll=false]
2021-08-25 05:02:04.319 DEBUG application 94996 _a-0000e6bf-1eb2-8000-6234-01ef9001ef90_1048160 Processing reference: ContentRole[name=denyReaders,inherit=false,allowForAll=false]
2021-08-25 05:02:04.319 DEBUG application 94996 _a-0000e6bf-1eb2-8000-6234-01ef9001ef90_1048160 Processing reference: ContentRole[name=denyAuthors,inherit=false,allowForAll=false]
2021-08-25 05:02:04.319 DEBUG application 94996 _a-0000e6bf-1eb2-8000-6234-01ef9001ef90_1048160 Processing reference: ContentRole[name=denyAdministrators,inherit=false,allowForAll=false]
2021-08-25 05:02:04.321 DEBUG content 94997 _a-0000e6bf-1eb2-8000-6234-01ef9001ef90_1048166 Begin transport.
2021-08-25 05:02:04.321 DEBUG content 94997 _a-0000e6bf-1eb2-8000-6234-01ef9001ef90_1048166 Retrieving object data.
2021-08-25 05:02:04.326 DEBUG content 94997 _a-0000e6bf-1eb2-8000-6234-01ef9001ef90_1048166 Setting uuids of object references.
2021-08-25 05:02:04.326 DEBUG content 94997 _a-0000e6bf-1eb2-8000-6234-01ef9001ef90_1048166 Processing reference: RulesFolder.forum
2021-08-25 05:02:04.327 DEBUG content 94997 _a-0000e6bf-1eb2-8000-6234-01ef9001ef90_1048166 Processing reference: RulesFolder.parent
2021-08-25 05:02:04.329 DEBUG content 94997 _a-0000e6bf-1eb2-8000-6234-01ef9001ef90_1048166 Processing reference: com.appiancorp.suiteapi.content.ContentRoleMap@41436575[
  ContentRole[name=readers,inherit=false,allowForAll=false]
  ContentRole[name=authors,inherit=false,allowForAll=false]
  ContentRole[name=administrators,inherit=false,allowForAll=false]
  ContentRole[name=denyReaders,inherit=false,allowForAll=false]
  ContentRole[name=denyAuthors,inherit=false,allowForAll=false]
  ContentRole[name=denyAdministrators,inherit=false,allowForAll=false]
  securityVector=1:SEC_PUBLIC=true,SEC_CREATOR_ADMIN=false,SEC_INH_ADMIN=false,SEC_INH_EDITOR=false,SEC_INH_VIEWER=false,SEC_ALL_ADMIN=false,SEC_ALL_EDITOR=false,SEC_ALL_VIEWER=false
]
2021-08-25 05:02:04.329 DEBUG content 94997 _a-0000e6bf-1eb2-8000-6234-01ef9001ef90_1048166 Processing reference: ContentRole[name=readers,inherit=false,allowForAll=false]
2021-08-25 05:02:04.329 DEBUG content 94997 _a-0000e6bf-1eb2-8000-6234-01ef9001ef90_1048166 Processing reference: ContentRole[name=authors,inherit=false,allowForAll=false]
2021-08-25 05:02:04.329 DEBUG content 94997 _a-0000e6bf-1eb2-8000-6234-01ef9001ef90_1048166 Processing reference: ContentRole[name=administrators,inherit=false,allowForAll=false]
2021-08-25 05:02:04.329 DEBUG content 94997 _a-0000e6bf-1eb2-8000-6234-01ef9001ef90_1048166 Processing reference: ContentRole[name=denyReaders,inherit=false,allowForAll=false]
2021-08-25 05:02:04.329 DEBUG content 94997 _a-0000e6bf-1eb2-8000-6234-01ef9001ef90_1048166 Processing reference: ContentRole[name=denyAuthors,inherit=false,allowForAll=false]
2021-08-25 05:02:04.329 DEBUG content 94997 _a-0000e6bf-1eb2-8000-6234-01ef9001ef90_1048166 Processing reference: ContentRole[name=denyAdministrators,inherit=false,allowForAll=false]
2021-08-25 05:02:04.329 DEBUG content 94997 _a-0000e6bf-1eb2-8000-6234-01ef9001ef90_1048166 Completing produce.
2021-08-25 05:02:04.329 DEBUG content 94997 _a-0000e6bf-1eb2-8000-6234-01ef9001ef90_1048166 Exporting binary resources.
2021-08-25 05:02:04.329 DEBUG content 94997 _a-0000e6bf-1eb2-8000-6234-01ef9001ef90_1048166 Serializing object to XML.
2021-08-25 05:02:04.332 DEBUG content 94997 _a-0000e6bf-1eb2-8000-6234-01ef9001ef90_1048166 Object transported.
2021-08-25 05:02:04.332 DEBUG content 95000 _a-0000e6bf-1eb2-8000-6234-01ef9001ef90_1048173 Begin transport.
2021-08-25 05:02:04.332 DEBUG content 95000 _a-0000e6bf-1eb2-8000-6234-01ef9001ef90_1048173 Retrieving object data.
2021-08-25 05:02:04.337 DEBUG content 95000 _a-0000e6bf-1eb2-8000-6234-01ef9001ef90_1048173 Setting uuids of object references.
2021-08-25 05:02:04.337 DEBUG content 95000 _a-0000e6bf-1eb2-8000-6234-01ef9001ef90_1048173 Processing reference: [Content:id=94998,versionId=-1,name=CK_TEST_DEMO_NEW,type=32,subtype=0,uuid=_a-0000e6bf-1eb2-8000-6234-01ef9001ef90_1048173,parent=94997]
2021-08-25 05:02:04.337 DEBUG content 95000 _a-0000e6bf-1eb2-8000-6234-01ef9001ef90_1048173 Processing reference: Constant.forum
2021-08-25 05:02:04.337 DEBUG content 95000 _a-0000e6bf-1eb2-8000-6234-01ef9001ef90_1048173 Processing reference: Constant.parent
2021-08-25 05:02:04.339 DEBUG content 95000 _a-0000e6bf-1eb2-8000-6234-01ef9001ef90_1048173 Processing reference: com.appiancorp.suiteapi.content.ContentRoleMap@5a8630a2[
  ContentRole[name=readers,inherit=true,allowForAll=false]
  ContentRole[name=authors,inherit=true,allowForAll=false]
  ContentRole[name=administrators,inherit=true,allowForAll=false]
  ContentRole[name=denyReaders,inherit=false,allowForAll=false]
  ContentRole[name=denyAuthors,inherit=false,allowForAll=false]
  ContentRole[name=denyAdministrators,inherit=false,allowForAll=false]
  securityVector=15:SEC_PUBLIC=true,SEC_CREATOR_ADMIN=false,SEC_INH_ADMIN=true,SEC_INH_EDITOR=true,SEC_INH_VIEWER=true,SEC_ALL_ADMIN=false,SEC_ALL_EDITOR=false,SEC_ALL_VIEWER=false
]
2021-08-25 05:02:04.339 DEBUG content 95000 _a-0000e6bf-1eb2-8000-6234-01ef9001ef90_1048173 Processing reference: ContentRole[name=readers,inherit=true,allowForAll=false]
2021-08-25 05:02:04.339 DEBUG content 95000 _a-0000e6bf-1eb2-8000-6234-01ef9001ef90_1048173 Processing reference: ContentRole[name=authors,inherit=true,allowForAll=false]
2021-08-25 05:02:04.339 DEBUG content 95000 _a-0000e6bf-1eb2-8000-6234-01ef9001ef90_1048173 Processing reference: ContentRole[name=administrators,inherit=true,allowForAll=false]
2021-08-25 05:02:04.339 DEBUG content 95000 _a-0000e6bf-1eb2-8000-6234-01ef9001ef90_1048173 Processing reference: ContentRole[name=denyReaders,inherit=false,allowForAll=false]
2021-08-25 05:02:04.339 DEBUG content 95000 _a-0000e6bf-1eb2-8000-6234-01ef9001ef90_1048173 Processing reference: ContentRole[name=denyAuthors,inherit=false,allowForAll=false]
2021-08-25 05:02:04.339 DEBUG content 95000 _a-0000e6bf-1eb2-8000-6234-01ef9001ef90_1048173 Processing reference: ContentRole[name=denyAdministrators,inherit=false,allowForAll=false]
2021-08-25 05:02:04.339 DEBUG content 95000 _a-0000e6bf-1eb2-8000-6234-01ef9001ef90_1048173 Completing produce.
2021-08-25 05:02:04.339 DEBUG content 95000 _a-0000e6bf-1eb2-8000-6234-01ef9001ef90_1048173 Exporting binary resources.
2021-08-25 05:02:04.339 DEBUG content 95000 _a-0000e6bf-1eb2-8000-6234-01ef9001ef90_1048173 Serializing object to XML.
2021-08-25 05:02:04.341 DEBUG content 95000 _a-0000e6bf-1eb2-8000-6234-01ef9001ef90_1048173 Object transported.
2021-08-25 05:02:04.342 DEBUG content 94999 _a-0000e6bf-1eb2-8000-6234-01ef9001ef90_1048180 Begin transport.
2021-08-25 05:02:04.342 DEBUG content 94999 _a-0000e6bf-1eb2-8000-6234-01ef9001ef90_1048180 Retrieving object data.
2021-08-25 05:02:04.347 DEBUG content 94999 _a-0000e6bf-1eb2-8000-6234-01ef9001ef90_1048180 Setting uuids of object references.
2021-08-25 05:02:04.347 DEBUG content 94999 _a-0000e6bf-1eb2-8000-6234-01ef9001ef90_1048180 Processing reference: [Content:id=94999,versionId=-1,name=CK_TEST_CONSTANT,type=32,subtype=0,uuid=_a-0000e6bf-1eb2-8000-6234-01ef9001ef90_1048180,parent=94997]
2021-08-25 05:02:04.347 DEBUG content 94999 _a-0000e6bf-1eb2-8000-6234-01ef9001ef90_1048180 Processing reference: Constant.forum
2021-08-25 05:02:04.347 DEBUG content 94999 _a-0000e6bf-1eb2-8000-6234-01ef9001ef90_1048180 Processing reference: Constant.parent
2021-08-25 05:02:04.349 DEBUG content 94999 _a-0000e6bf-1eb2-8000-6234-01ef9001ef90_1048180 Processing reference: com.appiancorp.suiteapi.content.ContentRoleMap@10568e54[
  ContentRole[name=readers,inherit=true,allowForAll=false]
  ContentRole[name=authors,inherit=true,allowForAll=false]
  ContentRole[name=administrators,inherit=true,allowForAll=false]
  ContentRole[name=denyReaders,inherit=false,allowForAll=false]
  ContentRole[name=denyAuthors,inherit=false,allowForAll=false]
  ContentRole[name=denyAdministrators,inherit=false,allowForAll=false]
  securityVector=15:SEC_PUBLIC=true,SEC_CREATOR_ADMIN=false,SEC_INH_ADMIN=true,SEC_INH_EDITOR=true,SEC_INH_VIEWER=true,SEC_ALL_ADMIN=false,SEC_ALL_EDITOR=false,SEC_ALL_VIEWER=false
]
2021-08-25 05:02:04.349 DEBUG content 94999 _a-0000e6bf-1eb2-8000-6234-01ef9001ef90_1048180 Processing reference: ContentRole[name=readers,inherit=true,allowForAll=false]
2021-08-25 05:02:04.349 DEBUG content 94999 _a-0000e6bf-1eb2-8000-6234-01ef9001ef90_1048180 Processing reference: ContentRole[name=authors,inherit=true,allowForAll=false]
2021-08-25 05:02:04.349 DEBUG content 94999 _a-0000e6bf-1eb2-8000-6234-01ef9001ef90_1048180 Processing reference: ContentRole[name=administrators,inherit=true,allowForAll=false]
2021-08-25 05:02:04.349 DEBUG content 94999 _a-0000e6bf-1eb2-8000-6234-01ef9001ef90_1048180 Processing reference: ContentRole[name=denyReaders,inherit=false,allowForAll=false]
2021-08-25 05:02:04.349 DEBUG content 94999 _a-0000e6bf-1eb2-8000-6234-01ef9001ef90_1048180 Processing reference: ContentRole[name=denyAuthors,inherit=false,allowForAll=false]
2021-08-25 05:02:04.349 DEBUG content 94999 _a-0000e6bf-1eb2-8000-6234-01ef9001ef90_1048180 Processing reference: ContentRole[name=denyAdministrators,inherit=false,allowForAll=false]
2021-08-25 05:02:04.349 DEBUG content 94999 _a-0000e6bf-1eb2-8000-6234-01ef9001ef90_1048180 Completing produce.
2021-08-25 05:02:04.349 DEBUG content 94999 _a-0000e6bf-1eb2-8000-6234-01ef9001ef90_1048180 Exporting binary resources.
2021-08-25 05:02:04.349 DEBUG content 94999 _a-0000e6bf-1eb2-8000-6234-01ef9001ef90_1048180 Serializing object to XML.
2021-08-25 05:02:04.351 DEBUG content 94999 _a-0000e6bf-1eb2-8000-6234-01ef9001ef90_1048180 Object transported.
2021-08-25 05:02:04.351 DEBUG content 95006 _a-0000e6bf-1eb2-8000-6234-01ef9001ef90_1048239 Begin transport.
2021-08-25 05:02:04.351 DEBUG content 95006 _a-0000e6bf-1eb2-8000-6234-01ef9001ef90_1048239 Retrieving object data.
2021-08-25 05:02:04.356 DEBUG content 95006 _a-0000e6bf-1eb2-8000-6234-01ef9001ef90_1048239 Setting uuids of object references.
2021-08-25 05:02:04.356 DEBUG content 95006 _a-0000e6bf-1eb2-8000-6234-01ef9001ef90_1048239 Processing reference: [Content:id=95006,versionId=-1,name=CK_TEST_CONSTANT_ITEM,type=32,subtype=0,uuid=_a-0000e6bf-1eb2-8000-6234-01ef9001ef90_1048239,parent=94997]
2021-08-25 05:02:04.356 DEBUG content 95006 _a-0000e6bf-1eb2-8000-6234-01ef9001ef90_1048239 Processing reference: Constant.forum
2021-08-25 05:02:04.356 DEBUG content 95006 _a-0000e6bf-1eb2-8000-6234-01ef9001ef90_1048239 Processing reference: Constant.parent
2021-08-25 05:02:04.358 DEBUG content 95006 _a-0000e6bf-1eb2-8000-6234-01ef9001ef90_1048239 Processing reference: com.appiancorp.suiteapi.content.ContentRoleMap@355419e3[
  ContentRole[name=readers,inherit=true,allowForAll=false]
  ContentRole[name=authors,inherit=true,allowForAll=false]
  ContentRole[name=administrators,inherit=true,allowForAll=false]
  ContentRole[name=denyReaders,inherit=false,allowForAll=false]
  ContentRole[name=denyAuthors,inherit=false,allowForAll=false]
  ContentRole[name=denyAdministrators,inherit=false,allowForAll=false]
  securityVector=15:SEC_PUBLIC=true,SEC_CREATOR_ADMIN=false,SEC_INH_ADMIN=true,SEC_INH_EDITOR=true,SEC_INH_VIEWER=true,SEC_ALL_ADMIN=false,SEC_ALL_EDITOR=false,SEC_ALL_VIEWER=false
]
2021-08-25 05:02:04.358 DEBUG content 95006 _a-0000e6bf-1eb2-8000-6234-01ef9001ef90_1048239 Processing reference: ContentRole[name=readers,inherit=true,allowForAll=false]
2021-08-25 05:02:04.358 DEBUG content 95006 _a-0000e6bf-1eb2-8000-6234-01ef9001ef90_1048239 Processing reference: ContentRole[name=authors,inherit=true,allowForAll=false]
2021-08-25 05:02:04.358 DEBUG content 95006 _a-0000e6bf-1eb2-8000-6234-01ef9001ef90_1048239 Processing reference: ContentRole[name=administrators,inherit=true,allowForAll=false]
2021-08-25 05:02:04.358 DEBUG content 95006 _a-0000e6bf-1eb2-8000-6234-01ef9001ef90_1048239 Processing reference: ContentRole[name=denyReaders,inherit=false,allowForAll=false]
2021-08-25 05:02:04.358 DEBUG content 95006 _a-0000e6bf-1eb2-8000-6234-01ef9001ef90_1048239 Processing reference: ContentRole[name=denyAuthors,inherit=false,allowForAll=false]
2021-08-25 05:02:04.358 DEBUG content 95006 _a-0000e6bf-1eb2-8000-6234-01ef9001ef90_1048239 Processing reference: ContentRole[name=denyAdministrators,inherit=false,allowForAll=false]
2021-08-25 05:02:04.359 DEBUG content 95006 _a-0000e6bf-1eb2-8000-6234-01ef9001ef90_1048239 Completing produce.
2021-08-25 05:02:04.359 DEBUG content 95006 _a-0000e6bf-1eb2-8000-6234-01ef9001ef90_1048239 Exporting binary resources.
2021-08-25 05:02:04.359 DEBUG content 95006 _a-0000e6bf-1eb2-8000-6234-01ef9001ef90_1048239 Serializing object to XML.
2021-08-25 05:02:04.36 DEBUG content 95006 _a-0000e6bf-1eb2-8000-6234-01ef9001ef90_1048239 Object transported.
2021-08-25 05:02:04.36 DEBUG content 124545 _a-0000e6d3-139b-8000-623e-01ef9001ef90_1193759 Begin transport.
2021-08-25 05:02:04.36 DEBUG content 124545 _a-0000e6d3-139b-8000-623e-01ef9001ef90_1193759 Retrieving object data.
2021-08-25 05:02:04.365 DEBUG content 124545 _a-0000e6d3-139b-8000-623e-01ef9001ef90_1193759 Setting uuids of object references.
2021-08-25 05:02:04.365 DEBUG content 124545 _a-0000e6d3-139b-8000-623e-01ef9001ef90_1193759 Processing reference: [Content:id=124545,versionId=-1,name=CK_NEW_CONSTANT,type=32,subtype=0,uuid=_a-0000e6d3-139b-8000-623e-01ef9001ef90_1193759,parent=94997]
2021-08-25 05:02:04.366 DEBUG content 124545 _a-0000e6d3-139b-8000-623e-01ef9001ef90_1193759 Processing reference: Constant.forum
2021-08-25 05:02:04.366 DEBUG content 124545 _a-0000e6d3-139b-8000-623e-01ef9001ef90_1193759 Processing reference: Constant.parent
2021-08-25 05:02:04.368 DEBUG content 124545 _a-0000e6d3-139b-8000-623e-01ef9001ef90_1193759 Processing reference: com.appiancorp.suiteapi.content.ContentRoleMap@e6e894c[
  ContentRole[name=readers,inherit=true,allowForAll=false]
  ContentRole[name=authors,inherit=true,allowForAll=false]
  ContentRole[name=administrators,inherit=true,allowForAll=false]
  ContentRole[name=denyReaders,inherit=false,allowForAll=false]
  ContentRole[name=denyAuthors,inherit=false,allowForAll=false]
  ContentRole[name=denyAdministrators,inherit=false,allowForAll=false]
  securityVector=15:SEC_PUBLIC=true,SEC_CREATOR_ADMIN=false,SEC_INH_ADMIN=true,SEC_INH_EDITOR=true,SEC_INH_VIEWER=true,SEC_ALL_ADMIN=false,SEC_ALL_EDITOR=false,SEC_ALL_VIEWER=false
]
2021-08-25 05:02:04.368 DEBUG content 124545 _a-0000e6d3-139b-8000-623e-01ef9001ef90_1193759 Processing reference: ContentRole[name=readers,inherit=true,allowForAll=false]
2021-08-25 05:02:04.368 DEBUG content 124545 _a-0000e6d3-139b-8000-623e-01ef9001ef90_1193759 Processing reference: ContentRole[name=authors,inherit=true,allowForAll=false]
2021-08-25 05:02:04.368 DEBUG content 124545 _a-0000e6d3-139b-8000-623e-01ef9001ef90_1193759 Processing reference: ContentRole[name=administrators,inherit=true,allowForAll=false]
2021-08-25 05:02:04.368 DEBUG content 124545 _a-0000e6d3-139b-8000-623e-01ef9001ef90_1193759 Processing reference: ContentRole[name=denyReaders,inherit=false,allowForAll=false]
2021-08-25 05:02:04.368 DEBUG content 124545 _a-0000e6d3-139b-8000-623e-01ef9001ef90_1193759 Processing reference: ContentRole[name=denyAuthors,inherit=false,allowForAll=false]
2021-08-25 05:02:04.368 DEBUG content 124545 _a-0000e6d3-139b-8000-623e-01ef9001ef90_1193759 Processing reference: ContentRole[name=denyAdministrators,inherit=false,allowForAll=false]
2021-08-25 05:02:04.368 DEBUG content 124545 _a-0000e6d3-139b-8000-623e-01ef9001ef90_1193759 Completing produce.
2021-08-25 05:02:04.368 DEBUG content 124545 _a-0000e6d3-139b-8000-623e-01ef9001ef90_1193759 Exporting binary resources.
2021-08-25 05:02:04.368 DEBUG content 124545 _a-0000e6d3-139b-8000-623e-01ef9001ef90_1193759 Serializing object to XML.
2021-08-25 05:02:04.37 DEBUG content 124545 _a-0000e6d3-139b-8000-623e-01ef9001ef90_1193759 Object transported.
2021-08-25 05:02:04.371 DEBUG application 94996 _a-0000e6bf-1eb2-8000-6234-01ef9001ef90_1048160 Completing produce.
2021-08-25 05:02:04.371 DEBUG application 94996 _a-0000e6bf-1eb2-8000-6234-01ef9001ef90_1048160 Exporting binary resources.
2021-08-25 05:02:04.371 DEBUG application 94996 _a-0000e6bf-1eb2-8000-6234-01ef9001ef90_1048160 Serializing object to XML.
2021-08-25 05:02:04.371 DEBUG application 94996 _a-0000e6bf-1eb2-8000-6234-01ef9001ef90_1048160 Object transported.
