Success (20):
datatype 5590 {urn:com:appian:types:ESLA}ESLA_LeaveRequest "{urn:com:appian:types:ESLA}ESLA_LeaveRequest"
datatype 5620 {urn:com:appian:types:ESLA}ESLA_EmployeeDetails "{urn:com:appian:types:ESLA}ESLA_EmployeeDetails"
dataStore 19963 _a-0000e6a2-9a44-8000-65da-01ef9001ef90_186594 "ESLA Leave Requests"
group 532 _e-0000e6a2-9a44-8000-65d6-011e94011e94_1738 "Elsevier Sample Leave Application Administrators"
group 533 _e-0000e6a2-9a44-8000-65d6-011e94011e94_1740 "Elsevier Sample Leave Application Users"
content 19935 bdc9cd56-a53e-4747-8810-3b7a2f74a600 "ESLA Rules and Constants"
content 19948 4a5392be-ff8b-48e0-852f-e89830b302d2_MAINDSECONSTANT "ESLA_LEAVE_REQUEST_DSE"
content 19949 _a-0000e6a2-9a44-8000-65da-01ef9001ef90_186558 "ESLA_FriendlyFormatDate"
content 19950 bc9b81bf-7b4c-44f5-98fe-da42632b17b8_FORMATNAME "ESLA_FormatName"
content 19951 _a-0000e6a2-9a44-8000-65da-01ef9001ef90_186578 "ESLA_LeaveRequestDetails"
content 19952 f0365b8e-65d3-4f7c-9a60-50850bc8baab_GETONERECORD "ESLA_GetLeaveRequestById"
content 19953 _a-0000e6a2-9a44-8000-65da-01ef9001ef90_186586 "ESLA_LeaveRequestDashboard"
content 19954 _a-0000e6a2-9a44-8000-65da-01ef9001ef90_186574 "ESLA_DeleteLeaveRequestEntry"
content 19955 _a-0000e6a2-9a44-8000-65da-01ef9001ef90_186554 "ESLA_COLLABORATORS_GROUP"
content 19958 _a-0000e6a2-9a44-8000-65da-01ef9001ef90_186582 "ESLA_CreateUpdateLeaveRequest"
processModelFolder 157 6c65ded8-9300-4ce3-83bc-2a6432ba59d9 "ESLA Models"
processModel 1682 468e2ba7-55ac-408c-bb78-2c20cb6b1c00 "Delete Leave Request"
processModel 1683 14a9c787-5920-425f-8184-8e80cc79ed04 "New Leave Request"
application 19934 _a-0000e6a2-9a44-8000-65da-01ef9001ef90_186545 "Elsevier Sample Leave Application"
recordType 144 e42b770c-3819-4df6-ab4f-d62c7742b3a8 "Leave Request"

Trace:
2021-07-26 07:24:23.038 DEBUG application 19934 _a-0000e6a2-9a44-8000-65da-01ef9001ef90_186545 Begin transport.
2021-07-26 07:24:23.038 DEBUG application 19934 _a-0000e6a2-9a44-8000-65da-01ef9001ef90_186545 Retrieving object data.
2021-07-26 07:24:23.043 DEBUG application 19934 _a-0000e6a2-9a44-8000-65da-01ef9001ef90_186545 App associated objects: [datatype=[{urn:com:appian:types:ESLA}ESLA_LeaveRequest, {urn:com:appian:types:ESLA}ESLA_EmployeeDetails],dataStore=[_a-0000e6a2-9a44-8000-65da-01ef9001ef90_186594],group=[_e-0000e6a2-9a44-8000-65d6-011e94011e94_1740, _e-0000e6a2-9a44-8000-65d6-011e94011e94_1738],content=[bdc9cd56-a53e-4747-8810-3b7a2f74a600, 4a5392be-ff8b-48e0-852f-e89830b302d2_MAINDSECONSTANT, _a-0000e6a2-9a44-8000-65da-01ef9001ef90_186558, bc9b81bf-7b4c-44f5-98fe-da42632b17b8_FORMATNAME, _a-0000e6a2-9a44-8000-65da-01ef9001ef90_186578, f0365b8e-65d3-4f7c-9a60-50850bc8baab_GETONERECORD, _a-0000e6a2-9a44-8000-65da-01ef9001ef90_186586, _a-0000e6a2-9a44-8000-65da-01ef9001ef90_186574, _a-0000e6a2-9a44-8000-65da-01ef9001ef90_186554, _a-0000e6a2-9a44-8000-65da-01ef9001ef90_186582],processModelFolder=[6c65ded8-9300-4ce3-83bc-2a6432ba59d9],processModel=[468e2ba7-55ac-408c-bb78-2c20cb6b1c00, 14a9c787-5920-425f-8184-8e80cc79ed04],recordType=[e42b770c-3819-4df6-ab4f-d62c7742b3a8]]
2021-07-26 07:24:23.053 DEBUG application 19934 _a-0000e6a2-9a44-8000-65da-01ef9001ef90_186545 Invalid associated objects: []
2021-07-26 07:24:23.053 DEBUG application 19934 _a-0000e6a2-9a44-8000-65da-01ef9001ef90_186545 Adding valid associated objects to be exported: GlobalBindingMap[datatype={{urn:com:appian:types:ESLA}ESLA_LeaveRequest=5590, {urn:com:appian:types:ESLA}ESLA_EmployeeDetails=5620},dataStore={_a-0000e6a2-9a44-8000-65da-01ef9001ef90_186594=19963},group={_e-0000e6a2-9a44-8000-65d6-011e94011e94_1740=533, _e-0000e6a2-9a44-8000-65d6-011e94011e94_1738=532},content={bdc9cd56-a53e-4747-8810-3b7a2f74a600=19935, 4a5392be-ff8b-48e0-852f-e89830b302d2_MAINDSECONSTANT=19948, _a-0000e6a2-9a44-8000-65da-01ef9001ef90_186558=19949, bc9b81bf-7b4c-44f5-98fe-da42632b17b8_FORMATNAME=19950, _a-0000e6a2-9a44-8000-65da-01ef9001ef90_186578=19951, f0365b8e-65d3-4f7c-9a60-50850bc8baab_GETONERECORD=19952, _a-0000e6a2-9a44-8000-65da-01ef9001ef90_186586=19953, _a-0000e6a2-9a44-8000-65da-01ef9001ef90_186574=19954, _a-0000e6a2-9a44-8000-65da-01ef9001ef90_186554=19955, _a-0000e6a2-9a44-8000-65da-01ef9001ef90_186582=19958},processModelFolder={6c65ded8-9300-4ce3-83bc-2a6432ba59d9=157},processModel={468e2ba7-55ac-408c-bb78-2c20cb6b1c00=1682, 14a9c787-5920-425f-8184-8e80cc79ed04=1683},recordType={e42b770c-3819-4df6-ab4f-d62c7742b3a8=144}]
2021-07-26 07:24:23.053 DEBUG application 19934 _a-0000e6a2-9a44-8000-65da-01ef9001ef90_186545 Setting uuids of object references.
2021-07-26 07:24:23.053 DEBUG application 19934 _a-0000e6a2-9a44-8000-65da-01ef9001ef90_186545 Processing reference: Application.forum
2021-07-26 07:24:23.054 DEBUG application 19934 _a-0000e6a2-9a44-8000-65da-01ef9001ef90_186545 Processing reference: Application.parent
2021-07-26 07:24:23.056 DEBUG application 19934 _a-0000e6a2-9a44-8000-65da-01ef9001ef90_186545 Processing reference: com.appiancorp.suiteapi.content.ContentRoleMap@38ad82ca[
  ContentRole[name=readers,groupIds=[533],inherit=false,allowForAll=false]
  ContentRole[name=authors,inherit=false,allowForAll=false]
  ContentRole[name=administrators,groupIds=[532],inherit=false,allowForAll=false]
  ContentRole[name=denyReaders,inherit=false,allowForAll=false]
  ContentRole[name=denyAuthors,inherit=false,allowForAll=false]
  ContentRole[name=denyAdministrators,inherit=false,allowForAll=false]
  securityVector=1:SEC_PUBLIC=true,SEC_CREATOR_ADMIN=false,SEC_INH_ADMIN=false,SEC_INH_EDITOR=false,SEC_INH_VIEWER=false,SEC_ALL_ADMIN=false,SEC_ALL_EDITOR=false,SEC_ALL_VIEWER=false
]
2021-07-26 07:24:23.056 DEBUG application 19934 _a-0000e6a2-9a44-8000-65da-01ef9001ef90_186545 Processing reference: ContentRole[name=readers,groupIds=[533],inherit=false,allowForAll=false]
2021-07-26 07:24:23.058 DEBUG group 533 _e-0000e6a2-9a44-8000-65d6-011e94011e94_1740 Begin transport.
2021-07-26 07:24:23.058 DEBUG group 533 _e-0000e6a2-9a44-8000-65d6-011e94011e94_1740 Retrieving object data.
2021-07-26 07:24:23.064 DEBUG group 533 _e-0000e6a2-9a44-8000-65d6-011e94011e94_1740 Setting uuids of object references.
2021-07-26 07:24:23.065 DEBUG group 533 _e-0000e6a2-9a44-8000-65d6-011e94011e94_1740 Processing reference: Role[name=<null>,groupIds=[532, 533]]
2021-07-26 07:24:23.066 DEBUG group 532 _e-0000e6a2-9a44-8000-65d6-011e94011e94_1738 Begin transport.
2021-07-26 07:24:23.066 DEBUG group 532 _e-0000e6a2-9a44-8000-65d6-011e94011e94_1738 Retrieving object data.
2021-07-26 07:24:23.072 DEBUG group 532 _e-0000e6a2-9a44-8000-65d6-011e94011e94_1738 Setting uuids of object references.
2021-07-26 07:24:23.072 DEBUG group 532 _e-0000e6a2-9a44-8000-65d6-011e94011e94_1738 Processing reference: Role[name=<null>,groupIds=[532]]
2021-07-26 07:24:23.073 DEBUG group 532 _e-0000e6a2-9a44-8000-65d6-011e94011e94_1738 Begin transport.
2021-07-26 07:24:23.073 DEBUG group 532 _e-0000e6a2-9a44-8000-65d6-011e94011e94_1738 Loop detected: [group:532]
2021-07-26 07:24:23.073 DEBUG group 532 Breaking loop [group:532]. group:532 will be transported with its reference to 532 nulled out and will require a second pass.
2021-07-26 07:24:23.073 DEBUG group 532 _e-0000e6a2-9a44-8000-65d6-011e94011e94_1738 Processing reference: Group.groupTypeId
2021-07-26 07:24:23.074 DEBUG group 532 _e-0000e6a2-9a44-8000-65d6-011e94011e94_1738 Processing reference: Group.parentId
2021-07-26 07:24:23.075 DEBUG group 532 _e-0000e6a2-9a44-8000-65d6-011e94011e94_1738 Processing reference: Group.homePageId
2021-07-26 07:24:23.075 DEBUG group 532 _e-0000e6a2-9a44-8000-65d6-011e94011e94_1738 Processing reference: Role[name=<null>]
2021-07-26 07:24:23.075 DEBUG group 532 _e-0000e6a2-9a44-8000-65d6-011e94011e94_1738 Completing produce.
2021-07-26 07:24:23.075 DEBUG group 532 _e-0000e6a2-9a44-8000-65d6-011e94011e94_1738 Object transported with these references nulled out: [group:532]
2021-07-26 07:24:23.075 DEBUG group 532 _e-0000e6a2-9a44-8000-65d6-011e94011e94_1738 Binding pending incomplete: group:532
2021-07-26 07:24:23.076 DEBUG group 532 _e-0000e6a2-9a44-8000-65d6-011e94011e94_1738 Begin transport.
2021-07-26 07:24:23.076 DEBUG group 532 _e-0000e6a2-9a44-8000-65d6-011e94011e94_1738 Retrieving object data.
2021-07-26 07:24:23.082 DEBUG group 532 _e-0000e6a2-9a44-8000-65d6-011e94011e94_1738 Setting uuids of object references.
2021-07-26 07:24:23.082 DEBUG group 532 _e-0000e6a2-9a44-8000-65d6-011e94011e94_1738 Processing reference: Role[name=<null>,groupIds=[532]]
2021-07-26 07:24:23.083 DEBUG group 532 _e-0000e6a2-9a44-8000-65d6-011e94011e94_1738 Processing reference: Group.groupTypeId
2021-07-26 07:24:23.085 DEBUG group 532 _e-0000e6a2-9a44-8000-65d6-011e94011e94_1738 Processing reference: Group.parentId
2021-07-26 07:24:23.085 DEBUG group 532 _e-0000e6a2-9a44-8000-65d6-011e94011e94_1738 Processing reference: Group.homePageId
2021-07-26 07:24:23.085 DEBUG group 532 _e-0000e6a2-9a44-8000-65d6-011e94011e94_1738 Processing reference: Role[name=<null>]
2021-07-26 07:24:23.085 DEBUG group 532 _e-0000e6a2-9a44-8000-65d6-011e94011e94_1738 Completing produce.
2021-07-26 07:24:23.085 DEBUG group 532 _e-0000e6a2-9a44-8000-65d6-011e94011e94_1738 Exporting binary resources.
2021-07-26 07:24:23.085 DEBUG group 532 _e-0000e6a2-9a44-8000-65d6-011e94011e94_1738 Serializing object to XML.
2021-07-26 07:24:23.086 DEBUG group 532 _e-0000e6a2-9a44-8000-65d6-011e94011e94_1738 Removed object from incomplete list.
2021-07-26 07:24:23.086 DEBUG group 532 _e-0000e6a2-9a44-8000-65d6-011e94011e94_1738 Object transported.
2021-07-26 07:24:23.086 DEBUG group 532 _e-0000e6a2-9a44-8000-65d6-011e94011e94_1738 Binding pending incomplete: group:532
2021-07-26 07:24:23.087 DEBUG group 533 _e-0000e6a2-9a44-8000-65d6-011e94011e94_1740 Begin transport.
2021-07-26 07:24:23.087 DEBUG group 533 _e-0000e6a2-9a44-8000-65d6-011e94011e94_1740 Loop detected: [group:533]
2021-07-26 07:24:23.087 DEBUG group 533 Breaking loop [group:533]. group:533 will be transported with its reference to 533 nulled out and will require a second pass.
2021-07-26 07:24:23.087 DEBUG group 533 _e-0000e6a2-9a44-8000-65d6-011e94011e94_1740 Processing reference: Group.groupTypeId
2021-07-26 07:24:23.088 DEBUG group 533 _e-0000e6a2-9a44-8000-65d6-011e94011e94_1740 Processing reference: Group.parentId
2021-07-26 07:24:23.089 DEBUG group 533 _e-0000e6a2-9a44-8000-65d6-011e94011e94_1740 Processing reference: Group.homePageId
2021-07-26 07:24:23.089 DEBUG group 533 _e-0000e6a2-9a44-8000-65d6-011e94011e94_1740 Processing reference: Role[name=<null>,groupIds=[532]]
2021-07-26 07:24:23.09 DEBUG group 533 _e-0000e6a2-9a44-8000-65d6-011e94011e94_1740 Completing produce.
2021-07-26 07:24:23.09 DEBUG group 533 _e-0000e6a2-9a44-8000-65d6-011e94011e94_1740 Object transported with these references nulled out: [group:533]
2021-07-26 07:24:23.09 DEBUG group 533 _e-0000e6a2-9a44-8000-65d6-011e94011e94_1740 Binding pending incomplete: group:533
2021-07-26 07:24:23.091 DEBUG group 533 _e-0000e6a2-9a44-8000-65d6-011e94011e94_1740 Begin transport.
2021-07-26 07:24:23.091 DEBUG group 533 _e-0000e6a2-9a44-8000-65d6-011e94011e94_1740 Retrieving object data.
2021-07-26 07:24:23.097 DEBUG group 533 _e-0000e6a2-9a44-8000-65d6-011e94011e94_1740 Setting uuids of object references.
2021-07-26 07:24:23.097 DEBUG group 533 _e-0000e6a2-9a44-8000-65d6-011e94011e94_1740 Processing reference: Role[name=<null>,groupIds=[532, 533]]
2021-07-26 07:24:23.098 DEBUG group 533 _e-0000e6a2-9a44-8000-65d6-011e94011e94_1740 Processing reference: Group.groupTypeId
2021-07-26 07:24:23.099 DEBUG group 533 _e-0000e6a2-9a44-8000-65d6-011e94011e94_1740 Processing reference: Group.parentId
2021-07-26 07:24:23.099 DEBUG group 533 _e-0000e6a2-9a44-8000-65d6-011e94011e94_1740 Processing reference: Group.homePageId
2021-07-26 07:24:23.099 DEBUG group 533 _e-0000e6a2-9a44-8000-65d6-011e94011e94_1740 Processing reference: Role[name=<null>,groupIds=[532]]
2021-07-26 07:24:23.101 DEBUG group 533 _e-0000e6a2-9a44-8000-65d6-011e94011e94_1740 Completing produce.
2021-07-26 07:24:23.101 DEBUG group 533 _e-0000e6a2-9a44-8000-65d6-011e94011e94_1740 Exporting binary resources.
2021-07-26 07:24:23.101 DEBUG group 533 _e-0000e6a2-9a44-8000-65d6-011e94011e94_1740 Serializing object to XML.
2021-07-26 07:24:23.101 DEBUG group 533 _e-0000e6a2-9a44-8000-65d6-011e94011e94_1740 Removed object from incomplete list.
2021-07-26 07:24:23.101 DEBUG group 533 _e-0000e6a2-9a44-8000-65d6-011e94011e94_1740 Object transported.
2021-07-26 07:24:23.101 DEBUG group 533 _e-0000e6a2-9a44-8000-65d6-011e94011e94_1740 Binding pending incomplete: group:533
2021-07-26 07:24:23.102 DEBUG application 19934 _a-0000e6a2-9a44-8000-65da-01ef9001ef90_186545 Processing reference: ContentRole[name=authors,inherit=false,allowForAll=false]
2021-07-26 07:24:23.102 DEBUG application 19934 _a-0000e6a2-9a44-8000-65da-01ef9001ef90_186545 Processing reference: ContentRole[name=administrators,groupIds=[532],inherit=false,allowForAll=false]
2021-07-26 07:24:23.103 DEBUG application 19934 _a-0000e6a2-9a44-8000-65da-01ef9001ef90_186545 Processing reference: ContentRole[name=denyReaders,inherit=false,allowForAll=false]
2021-07-26 07:24:23.103 DEBUG application 19934 _a-0000e6a2-9a44-8000-65da-01ef9001ef90_186545 Processing reference: ContentRole[name=denyAuthors,inherit=false,allowForAll=false]
2021-07-26 07:24:23.103 DEBUG application 19934 _a-0000e6a2-9a44-8000-65da-01ef9001ef90_186545 Processing reference: ContentRole[name=denyAdministrators,inherit=false,allowForAll=false]
2021-07-26 07:24:23.103 DEBUG datatype 5590 {urn:com:appian:types:ESLA}ESLA_LeaveRequest Begin transport.
2021-07-26 07:24:23.103 DEBUG datatype 5590 {urn:com:appian:types:ESLA}ESLA_LeaveRequest Retrieving object data.
2021-07-26 07:24:23.12 DEBUG datatype 5590 {urn:com:appian:types:ESLA}ESLA_LeaveRequest Setting uuids of object references.
2021-07-26 07:24:23.121 DEBUG datatype 5590 {urn:com:appian:types:ESLA}ESLA_LeaveRequest Completing produce.
2021-07-26 07:24:23.121 DEBUG datatype 5590 {urn:com:appian:types:ESLA}ESLA_LeaveRequest Exporting binary resources.
2021-07-26 07:24:23.121 DEBUG datatype 5590 {urn:com:appian:types:ESLA}ESLA_LeaveRequest Serializing object to XML.
2021-07-26 07:24:23.121 DEBUG datatype 5590 {urn:com:appian:types:ESLA}ESLA_LeaveRequest Object transported.
2021-07-26 07:24:23.121 DEBUG datatype 5620 {urn:com:appian:types:ESLA}ESLA_EmployeeDetails Begin transport.
2021-07-26 07:24:23.121 DEBUG datatype 5620 {urn:com:appian:types:ESLA}ESLA_EmployeeDetails Retrieving object data.
2021-07-26 07:24:23.135 DEBUG datatype 5620 {urn:com:appian:types:ESLA}ESLA_EmployeeDetails Setting uuids of object references.
2021-07-26 07:24:23.136 DEBUG datatype 5620 {urn:com:appian:types:ESLA}ESLA_EmployeeDetails Completing produce.
2021-07-26 07:24:23.136 DEBUG datatype 5620 {urn:com:appian:types:ESLA}ESLA_EmployeeDetails Exporting binary resources.
2021-07-26 07:24:23.136 DEBUG datatype 5620 {urn:com:appian:types:ESLA}ESLA_EmployeeDetails Serializing object to XML.
2021-07-26 07:24:23.136 DEBUG datatype 5620 {urn:com:appian:types:ESLA}ESLA_EmployeeDetails Object transported.
2021-07-26 07:24:23.14 DEBUG dataStore 19963 _a-0000e6a2-9a44-8000-65da-01ef9001ef90_186594 Begin transport.
2021-07-26 07:24:23.14 DEBUG dataStore 19963 _a-0000e6a2-9a44-8000-65da-01ef9001ef90_186594 Retrieving object data.
2021-07-26 07:24:23.144 DEBUG dataStore 19963 _a-0000e6a2-9a44-8000-65da-01ef9001ef90_186594 Setting uuids of object references.
2021-07-26 07:24:23.144 DEBUG dataStore 19963 _a-0000e6a2-9a44-8000-65da-01ef9001ef90_186594 Processing reference: datatypeRef[id=5590]
2021-07-26 07:24:23.144 DEBUG dataStore 19963 _a-0000e6a2-9a44-8000-65da-01ef9001ef90_186594 Processing reference: datatypeRef[id=5620]
2021-07-26 07:24:23.144 DEBUG dataStore 19963 _a-0000e6a2-9a44-8000-65da-01ef9001ef90_186594 Processing reference: ContentRole[name=administrators,groupIds=[532],inherit=false,allowForAll=false]
2021-07-26 07:24:23.145 DEBUG dataStore 19963 _a-0000e6a2-9a44-8000-65da-01ef9001ef90_186594 Processing reference: ContentRole[name=authors,inherit=false,allowForAll=false]
2021-07-26 07:24:23.145 DEBUG dataStore 19963 _a-0000e6a2-9a44-8000-65da-01ef9001ef90_186594 Processing reference: ContentRole[name=denyAdministrators,inherit=false,allowForAll=false]
2021-07-26 07:24:23.145 DEBUG dataStore 19963 _a-0000e6a2-9a44-8000-65da-01ef9001ef90_186594 Processing reference: ContentRole[name=denyAuthors,inherit=false,allowForAll=false]
2021-07-26 07:24:23.145 DEBUG dataStore 19963 _a-0000e6a2-9a44-8000-65da-01ef9001ef90_186594 Processing reference: ContentRole[name=denyReaders,inherit=false,allowForAll=false]
2021-07-26 07:24:23.145 DEBUG dataStore 19963 _a-0000e6a2-9a44-8000-65da-01ef9001ef90_186594 Processing reference: ContentRole[name=readers,groupIds=[533],inherit=false,allowForAll=false]
2021-07-26 07:24:23.146 DEBUG dataStore 19963 _a-0000e6a2-9a44-8000-65da-01ef9001ef90_186594 Completing produce.
2021-07-26 07:24:23.146 DEBUG dataStore 19963 _a-0000e6a2-9a44-8000-65da-01ef9001ef90_186594 Exporting binary resources.
2021-07-26 07:24:23.146 DEBUG dataStore 19963 _a-0000e6a2-9a44-8000-65da-01ef9001ef90_186594 Serializing object to XML.
2021-07-26 07:24:23.147 DEBUG dataStore 19963 _a-0000e6a2-9a44-8000-65da-01ef9001ef90_186594 Object transported.
2021-07-26 07:24:23.15 DEBUG content 19935 bdc9cd56-a53e-4747-8810-3b7a2f74a600 Begin transport.
2021-07-26 07:24:23.15 DEBUG content 19935 bdc9cd56-a53e-4747-8810-3b7a2f74a600 Retrieving object data.
2021-07-26 07:24:23.157 DEBUG content 19935 bdc9cd56-a53e-4747-8810-3b7a2f74a600 Setting uuids of object references.
2021-07-26 07:24:23.157 DEBUG content 19935 bdc9cd56-a53e-4747-8810-3b7a2f74a600 Processing reference: RulesFolder.forum
2021-07-26 07:24:23.158 DEBUG content 19935 bdc9cd56-a53e-4747-8810-3b7a2f74a600 Processing reference: RulesFolder.parent
2021-07-26 07:24:23.16 DEBUG content 19935 bdc9cd56-a53e-4747-8810-3b7a2f74a600 Processing reference: com.appiancorp.suiteapi.content.ContentRoleMap@4d2501a0[
  ContentRole[name=readers,groupIds=[533],inherit=false,allowForAll=false]
  ContentRole[name=authors,inherit=false,allowForAll=false]
  ContentRole[name=administrators,groupIds=[532],inherit=false,allowForAll=false]
  ContentRole[name=denyReaders,inherit=false,allowForAll=false]
  ContentRole[name=denyAuthors,inherit=false,allowForAll=false]
  ContentRole[name=denyAdministrators,inherit=false,allowForAll=false]
  securityVector=1:SEC_PUBLIC=true,SEC_CREATOR_ADMIN=false,SEC_INH_ADMIN=false,SEC_INH_EDITOR=false,SEC_INH_VIEWER=false,SEC_ALL_ADMIN=false,SEC_ALL_EDITOR=false,SEC_ALL_VIEWER=false
]
2021-07-26 07:24:23.16 DEBUG content 19935 bdc9cd56-a53e-4747-8810-3b7a2f74a600 Processing reference: ContentRole[name=readers,groupIds=[533],inherit=false,allowForAll=false]
2021-07-26 07:24:23.161 DEBUG content 19935 bdc9cd56-a53e-4747-8810-3b7a2f74a600 Processing reference: ContentRole[name=authors,inherit=false,allowForAll=false]
2021-07-26 07:24:23.161 DEBUG content 19935 bdc9cd56-a53e-4747-8810-3b7a2f74a600 Processing reference: ContentRole[name=administrators,groupIds=[532],inherit=false,allowForAll=false]
2021-07-26 07:24:23.163 DEBUG content 19935 bdc9cd56-a53e-4747-8810-3b7a2f74a600 Processing reference: ContentRole[name=denyReaders,inherit=false,allowForAll=false]
2021-07-26 07:24:23.163 DEBUG content 19935 bdc9cd56-a53e-4747-8810-3b7a2f74a600 Processing reference: ContentRole[name=denyAuthors,inherit=false,allowForAll=false]
2021-07-26 07:24:23.163 DEBUG content 19935 bdc9cd56-a53e-4747-8810-3b7a2f74a600 Processing reference: ContentRole[name=denyAdministrators,inherit=false,allowForAll=false]
2021-07-26 07:24:23.163 DEBUG content 19935 bdc9cd56-a53e-4747-8810-3b7a2f74a600 Completing produce.
2021-07-26 07:24:23.163 DEBUG content 19935 bdc9cd56-a53e-4747-8810-3b7a2f74a600 Exporting binary resources.
2021-07-26 07:24:23.163 DEBUG content 19935 bdc9cd56-a53e-4747-8810-3b7a2f74a600 Serializing object to XML.
2021-07-26 07:24:23.163 DEBUG content 19935 bdc9cd56-a53e-4747-8810-3b7a2f74a600 Object transported.
2021-07-26 07:24:23.163 DEBUG content 19948 4a5392be-ff8b-48e0-852f-e89830b302d2_MAINDSECONSTANT Begin transport.
2021-07-26 07:24:23.163 DEBUG content 19948 4a5392be-ff8b-48e0-852f-e89830b302d2_MAINDSECONSTANT Retrieving object data.
2021-07-26 07:24:23.169 DEBUG content 19948 4a5392be-ff8b-48e0-852f-e89830b302d2_MAINDSECONSTANT Setting uuids of object references.
2021-07-26 07:24:23.169 DEBUG content 19948 4a5392be-ff8b-48e0-852f-e89830b302d2_MAINDSECONSTANT Processing reference: [Content:id=19948,versionId=-1,name=ESLA_LEAVE_REQUEST_DSE,type=32,subtype=0,uuid=4a5392be-ff8b-48e0-852f-e89830b302d2_MAINDSECONSTANT,parent=19935]
2021-07-26 07:24:23.172 DEBUG content 19948 4a5392be-ff8b-48e0-852f-e89830b302d2_MAINDSECONSTANT Processing reference: Constant.forum
2021-07-26 07:24:23.172 DEBUG content 19948 4a5392be-ff8b-48e0-852f-e89830b302d2_MAINDSECONSTANT Processing reference: Constant.parent
2021-07-26 07:24:23.174 DEBUG content 19948 4a5392be-ff8b-48e0-852f-e89830b302d2_MAINDSECONSTANT Processing reference: com.appiancorp.suiteapi.content.ContentRoleMap@44d8ff5c[
  ContentRole[name=readers,inherit=true,allowForAll=false]
  ContentRole[name=authors,inherit=true,allowForAll=false]
  ContentRole[name=administrators,inherit=true,allowForAll=false]
  ContentRole[name=denyReaders,inherit=false,allowForAll=false]
  ContentRole[name=denyAuthors,inherit=false,allowForAll=false]
  ContentRole[name=denyAdministrators,inherit=false,allowForAll=false]
  securityVector=14:SEC_PUBLIC=false,SEC_CREATOR_ADMIN=false,SEC_INH_ADMIN=true,SEC_INH_EDITOR=true,SEC_INH_VIEWER=true,SEC_ALL_ADMIN=false,SEC_ALL_EDITOR=false,SEC_ALL_VIEWER=false
]
2021-07-26 07:24:23.174 DEBUG content 19948 4a5392be-ff8b-48e0-852f-e89830b302d2_MAINDSECONSTANT Processing reference: ContentRole[name=readers,inherit=true,allowForAll=false]
2021-07-26 07:24:23.174 DEBUG content 19948 4a5392be-ff8b-48e0-852f-e89830b302d2_MAINDSECONSTANT Processing reference: ContentRole[name=authors,inherit=true,allowForAll=false]
2021-07-26 07:24:23.174 DEBUG content 19948 4a5392be-ff8b-48e0-852f-e89830b302d2_MAINDSECONSTANT Processing reference: ContentRole[name=administrators,inherit=true,allowForAll=false]
2021-07-26 07:24:23.174 DEBUG content 19948 4a5392be-ff8b-48e0-852f-e89830b302d2_MAINDSECONSTANT Processing reference: ContentRole[name=denyReaders,inherit=false,allowForAll=false]
2021-07-26 07:24:23.174 DEBUG content 19948 4a5392be-ff8b-48e0-852f-e89830b302d2_MAINDSECONSTANT Processing reference: ContentRole[name=denyAuthors,inherit=false,allowForAll=false]
2021-07-26 07:24:23.175 DEBUG content 19948 4a5392be-ff8b-48e0-852f-e89830b302d2_MAINDSECONSTANT Processing reference: ContentRole[name=denyAdministrators,inherit=false,allowForAll=false]
2021-07-26 07:24:23.175 DEBUG content 19948 4a5392be-ff8b-48e0-852f-e89830b302d2_MAINDSECONSTANT Completing produce.
2021-07-26 07:24:23.175 DEBUG content 19948 4a5392be-ff8b-48e0-852f-e89830b302d2_MAINDSECONSTANT Exporting binary resources.
2021-07-26 07:24:23.175 DEBUG content 19948 4a5392be-ff8b-48e0-852f-e89830b302d2_MAINDSECONSTANT Serializing object to XML.
2021-07-26 07:24:23.177 DEBUG content 19948 4a5392be-ff8b-48e0-852f-e89830b302d2_MAINDSECONSTANT Object transported.
2021-07-26 07:24:23.177 DEBUG content 19949 _a-0000e6a2-9a44-8000-65da-01ef9001ef90_186558 Begin transport.
2021-07-26 07:24:23.177 DEBUG content 19949 _a-0000e6a2-9a44-8000-65da-01ef9001ef90_186558 Retrieving object data.
2021-07-26 07:24:23.184 DEBUG content 19949 _a-0000e6a2-9a44-8000-65da-01ef9001ef90_186558 Setting uuids of object references.
2021-07-26 07:24:23.184 DEBUG content 19949 _a-0000e6a2-9a44-8000-65da-01ef9001ef90_186558 Processing reference: [Content:id=19937,versionId=-1,name=ESLA_FriendlyFormatDate,type=32,subtype=1,uuid=_a-0000e6a2-9a44-8000-65da-01ef9001ef90_186558,parent=19935]
2021-07-26 07:24:23.184 DEBUG content 19949 _a-0000e6a2-9a44-8000-65da-01ef9001ef90_186558 Processing reference: FreeformRule.forum
2021-07-26 07:24:23.185 DEBUG content 19949 _a-0000e6a2-9a44-8000-65da-01ef9001ef90_186558 Processing reference: TypedVariable[name=date,it=9,v=<null>]
2021-07-26 07:24:23.185 DEBUG content 19949 _a-0000e6a2-9a44-8000-65da-01ef9001ef90_186558 Processing reference: FreeformRule.parent
2021-07-26 07:24:23.187 DEBUG content 19949 _a-0000e6a2-9a44-8000-65da-01ef9001ef90_186558 Processing reference: com.appiancorp.suiteapi.content.ContentRoleMap@20f8cb20[
  ContentRole[name=readers,inherit=true,allowForAll=false]
  ContentRole[name=authors,inherit=true,allowForAll=false]
  ContentRole[name=administrators,inherit=true,allowForAll=false]
  ContentRole[name=denyReaders,inherit=false,allowForAll=false]
  ContentRole[name=denyAuthors,inherit=false,allowForAll=false]
  ContentRole[name=denyAdministrators,inherit=false,allowForAll=false]
  securityVector=15:SEC_PUBLIC=true,SEC_CREATOR_ADMIN=false,SEC_INH_ADMIN=true,SEC_INH_EDITOR=true,SEC_INH_VIEWER=true,SEC_ALL_ADMIN=false,SEC_ALL_EDITOR=false,SEC_ALL_VIEWER=false
]
2021-07-26 07:24:23.187 DEBUG content 19949 _a-0000e6a2-9a44-8000-65da-01ef9001ef90_186558 Processing reference: ContentRole[name=readers,inherit=true,allowForAll=false]
2021-07-26 07:24:23.187 DEBUG content 19949 _a-0000e6a2-9a44-8000-65da-01ef9001ef90_186558 Processing reference: ContentRole[name=authors,inherit=true,allowForAll=false]
2021-07-26 07:24:23.187 DEBUG content 19949 _a-0000e6a2-9a44-8000-65da-01ef9001ef90_186558 Processing reference: ContentRole[name=administrators,inherit=true,allowForAll=false]
2021-07-26 07:24:23.187 DEBUG content 19949 _a-0000e6a2-9a44-8000-65da-01ef9001ef90_186558 Processing reference: ContentRole[name=denyReaders,inherit=false,allowForAll=false]
2021-07-26 07:24:23.187 DEBUG content 19949 _a-0000e6a2-9a44-8000-65da-01ef9001ef90_186558 Processing reference: ContentRole[name=denyAuthors,inherit=false,allowForAll=false]
2021-07-26 07:24:23.187 DEBUG content 19949 _a-0000e6a2-9a44-8000-65da-01ef9001ef90_186558 Processing reference: ContentRole[name=denyAdministrators,inherit=false,allowForAll=false]
2021-07-26 07:24:23.187 DEBUG content 19949 _a-0000e6a2-9a44-8000-65da-01ef9001ef90_186558 Completing produce.
2021-07-26 07:24:23.187 DEBUG content 19949 _a-0000e6a2-9a44-8000-65da-01ef9001ef90_186558 Exporting binary resources.
2021-07-26 07:24:23.187 DEBUG content 19949 _a-0000e6a2-9a44-8000-65da-01ef9001ef90_186558 Serializing object to XML.
2021-07-26 07:24:23.189 DEBUG content 19949 _a-0000e6a2-9a44-8000-65da-01ef9001ef90_186558 Object transported.
2021-07-26 07:24:23.189 DEBUG content 19950 bc9b81bf-7b4c-44f5-98fe-da42632b17b8_FORMATNAME Begin transport.
2021-07-26 07:24:23.189 DEBUG content 19950 bc9b81bf-7b4c-44f5-98fe-da42632b17b8_FORMATNAME Retrieving object data.
2021-07-26 07:24:23.196 DEBUG content 19950 bc9b81bf-7b4c-44f5-98fe-da42632b17b8_FORMATNAME Setting uuids of object references.
2021-07-26 07:24:23.196 DEBUG content 19950 bc9b81bf-7b4c-44f5-98fe-da42632b17b8_FORMATNAME Processing reference: [Content:id=19938,versionId=-1,name=ESLA_FormatName,type=32,subtype=1,uuid=bc9b81bf-7b4c-44f5-98fe-da42632b17b8_FORMATNAME,parent=19935]
2021-07-26 07:24:23.197 DEBUG content 19950 bc9b81bf-7b4c-44f5-98fe-da42632b17b8_FORMATNAME Processing reference: FreeformRule.forum
2021-07-26 07:24:23.197 DEBUG content 19950 bc9b81bf-7b4c-44f5-98fe-da42632b17b8_FORMATNAME Processing reference: TypedVariable[name=username,it=3,v=]
2021-07-26 07:24:23.197 DEBUG content 19950 bc9b81bf-7b4c-44f5-98fe-da42632b17b8_FORMATNAME Processing reference: FreeformRule.parent
2021-07-26 07:24:23.199 DEBUG content 19950 bc9b81bf-7b4c-44f5-98fe-da42632b17b8_FORMATNAME Processing reference: com.appiancorp.suiteapi.content.ContentRoleMap@cb421ad[
  ContentRole[name=readers,inherit=true,allowForAll=false]
  ContentRole[name=authors,inherit=true,allowForAll=false]
  ContentRole[name=administrators,inherit=true,allowForAll=false]
  ContentRole[name=denyReaders,inherit=false,allowForAll=false]
  ContentRole[name=denyAuthors,inherit=false,allowForAll=false]
  ContentRole[name=denyAdministrators,inherit=false,allowForAll=false]
  securityVector=15:SEC_PUBLIC=true,SEC_CREATOR_ADMIN=false,SEC_INH_ADMIN=true,SEC_INH_EDITOR=true,SEC_INH_VIEWER=true,SEC_ALL_ADMIN=false,SEC_ALL_EDITOR=false,SEC_ALL_VIEWER=false
]
2021-07-26 07:24:23.199 DEBUG content 19950 bc9b81bf-7b4c-44f5-98fe-da42632b17b8_FORMATNAME Processing reference: ContentRole[name=readers,inherit=true,allowForAll=false]
2021-07-26 07:24:23.199 DEBUG content 19950 bc9b81bf-7b4c-44f5-98fe-da42632b17b8_FORMATNAME Processing reference: ContentRole[name=authors,inherit=true,allowForAll=false]
2021-07-26 07:24:23.199 DEBUG content 19950 bc9b81bf-7b4c-44f5-98fe-da42632b17b8_FORMATNAME Processing reference: ContentRole[name=administrators,inherit=true,allowForAll=false]
2021-07-26 07:24:23.199 DEBUG content 19950 bc9b81bf-7b4c-44f5-98fe-da42632b17b8_FORMATNAME Processing reference: ContentRole[name=denyReaders,inherit=false,allowForAll=false]
2021-07-26 07:24:23.199 DEBUG content 19950 bc9b81bf-7b4c-44f5-98fe-da42632b17b8_FORMATNAME Processing reference: ContentRole[name=denyAuthors,inherit=false,allowForAll=false]
2021-07-26 07:24:23.199 DEBUG content 19950 bc9b81bf-7b4c-44f5-98fe-da42632b17b8_FORMATNAME Processing reference: ContentRole[name=denyAdministrators,inherit=false,allowForAll=false]
2021-07-26 07:24:23.199 DEBUG content 19950 bc9b81bf-7b4c-44f5-98fe-da42632b17b8_FORMATNAME Completing produce.
2021-07-26 07:24:23.199 DEBUG content 19950 bc9b81bf-7b4c-44f5-98fe-da42632b17b8_FORMATNAME Exporting binary resources.
2021-07-26 07:24:23.199 DEBUG content 19950 bc9b81bf-7b4c-44f5-98fe-da42632b17b8_FORMATNAME Serializing object to XML.
2021-07-26 07:24:23.202 DEBUG content 19950 bc9b81bf-7b4c-44f5-98fe-da42632b17b8_FORMATNAME Object transported.
2021-07-26 07:24:23.202 DEBUG content 19951 _a-0000e6a2-9a44-8000-65da-01ef9001ef90_186578 Begin transport.
2021-07-26 07:24:23.202 DEBUG content 19951 _a-0000e6a2-9a44-8000-65da-01ef9001ef90_186578 Retrieving object data.
2021-07-26 07:24:23.21 DEBUG content 19951 _a-0000e6a2-9a44-8000-65da-01ef9001ef90_186578 Setting uuids of object references.
2021-07-26 07:24:23.21 DEBUG content 19951 _a-0000e6a2-9a44-8000-65da-01ef9001ef90_186578 Processing reference: [Content:id=19942,versionId=-1,name=ESLA_LeaveRequestDetails,type=32,subtype=6,uuid=_a-0000e6a2-9a44-8000-65da-01ef9001ef90_186578,parent=19935]
2021-07-26 07:24:23.221 DEBUG content 19951 _a-0000e6a2-9a44-8000-65da-01ef9001ef90_186578 Processing reference: Interface.forum
2021-07-26 07:24:23.222 DEBUG content 19951 _a-0000e6a2-9a44-8000-65da-01ef9001ef90_186578 Processing reference: TypedVariable[name=record,it=5590,v=<null>]
2021-07-26 07:24:23.222 DEBUG content 19951 _a-0000e6a2-9a44-8000-65da-01ef9001ef90_186578 Processing reference: TypedVariable[name=creating,it=26,v=<null>]
2021-07-26 07:24:23.222 DEBUG content 19951 _a-0000e6a2-9a44-8000-65da-01ef9001ef90_186578 Processing reference: TypedVariable[name=readOnly,it=26,v=<null>]
2021-07-26 07:24:23.222 DEBUG content 19951 _a-0000e6a2-9a44-8000-65da-01ef9001ef90_186578 Processing reference: TypedVariable[name=label,it=3,v=]
2021-07-26 07:24:23.222 DEBUG content 19951 _a-0000e6a2-9a44-8000-65da-01ef9001ef90_186578 Processing reference: Interface.parent
2021-07-26 07:24:23.224 DEBUG content 19951 _a-0000e6a2-9a44-8000-65da-01ef9001ef90_186578 Processing reference: com.appiancorp.suiteapi.content.ContentRoleMap@379f317b[
  ContentRole[name=readers,inherit=true,allowForAll=false]
  ContentRole[name=authors,inherit=true,allowForAll=false]
  ContentRole[name=administrators,inherit=true,allowForAll=false]
  ContentRole[name=denyReaders,inherit=false,allowForAll=false]
  ContentRole[name=denyAuthors,inherit=false,allowForAll=false]
  ContentRole[name=denyAdministrators,inherit=false,allowForAll=false]
  securityVector=15:SEC_PUBLIC=true,SEC_CREATOR_ADMIN=false,SEC_INH_ADMIN=true,SEC_INH_EDITOR=true,SEC_INH_VIEWER=true,SEC_ALL_ADMIN=false,SEC_ALL_EDITOR=false,SEC_ALL_VIEWER=false
]
2021-07-26 07:24:23.224 DEBUG content 19951 _a-0000e6a2-9a44-8000-65da-01ef9001ef90_186578 Processing reference: ContentRole[name=readers,inherit=true,allowForAll=false]
2021-07-26 07:24:23.224 DEBUG content 19951 _a-0000e6a2-9a44-8000-65da-01ef9001ef90_186578 Processing reference: ContentRole[name=authors,inherit=true,allowForAll=false]
2021-07-26 07:24:23.224 DEBUG content 19951 _a-0000e6a2-9a44-8000-65da-01ef9001ef90_186578 Processing reference: ContentRole[name=administrators,inherit=true,allowForAll=false]
2021-07-26 07:24:23.224 DEBUG content 19951 _a-0000e6a2-9a44-8000-65da-01ef9001ef90_186578 Processing reference: ContentRole[name=denyReaders,inherit=false,allowForAll=false]
2021-07-26 07:24:23.224 DEBUG content 19951 _a-0000e6a2-9a44-8000-65da-01ef9001ef90_186578 Processing reference: ContentRole[name=denyAuthors,inherit=false,allowForAll=false]
2021-07-26 07:24:23.224 DEBUG content 19951 _a-0000e6a2-9a44-8000-65da-01ef9001ef90_186578 Processing reference: ContentRole[name=denyAdministrators,inherit=false,allowForAll=false]
2021-07-26 07:24:23.225 DEBUG content 19951 _a-0000e6a2-9a44-8000-65da-01ef9001ef90_186578 Completing produce.
2021-07-26 07:24:23.225 DEBUG content 19951 _a-0000e6a2-9a44-8000-65da-01ef9001ef90_186578 Exporting binary resources.
2021-07-26 07:24:23.225 DEBUG content 19951 _a-0000e6a2-9a44-8000-65da-01ef9001ef90_186578 Serializing object to XML.
2021-07-26 07:24:23.228 DEBUG content 19951 _a-0000e6a2-9a44-8000-65da-01ef9001ef90_186578 Object transported.
2021-07-26 07:24:23.228 DEBUG content 19952 f0365b8e-65d3-4f7c-9a60-50850bc8baab_GETONERECORD Begin transport.
2021-07-26 07:24:23.228 DEBUG content 19952 f0365b8e-65d3-4f7c-9a60-50850bc8baab_GETONERECORD Retrieving object data.
2021-07-26 07:24:23.236 DEBUG content 19952 f0365b8e-65d3-4f7c-9a60-50850bc8baab_GETONERECORD Setting uuids of object references.
2021-07-26 07:24:23.236 DEBUG content 19952 f0365b8e-65d3-4f7c-9a60-50850bc8baab_GETONERECORD Processing reference: [Content:id=19939,versionId=-1,name=ESLA_GetLeaveRequestById,type=32,subtype=1,uuid=f0365b8e-65d3-4f7c-9a60-50850bc8baab_GETONERECORD,parent=19935]
2021-07-26 07:24:23.241 DEBUG content 19952 f0365b8e-65d3-4f7c-9a60-50850bc8baab_GETONERECORD Processing reference: FreeformRule.forum
2021-07-26 07:24:23.242 DEBUG content 19952 f0365b8e-65d3-4f7c-9a60-50850bc8baab_GETONERECORD Processing reference: TypedVariable[name=id,it=1,v=<null>]
2021-07-26 07:24:23.242 DEBUG content 19952 f0365b8e-65d3-4f7c-9a60-50850bc8baab_GETONERECORD Processing reference: FreeformRule.parent
2021-07-26 07:24:23.244 DEBUG content 19952 f0365b8e-65d3-4f7c-9a60-50850bc8baab_GETONERECORD Processing reference: com.appiancorp.suiteapi.content.ContentRoleMap@300a24b7[
  ContentRole[name=readers,inherit=true,allowForAll=false]
  ContentRole[name=authors,inherit=true,allowForAll=false]
  ContentRole[name=administrators,inherit=true,allowForAll=false]
  ContentRole[name=denyReaders,inherit=false,allowForAll=false]
  ContentRole[name=denyAuthors,inherit=false,allowForAll=false]
  ContentRole[name=denyAdministrators,inherit=false,allowForAll=false]
  securityVector=15:SEC_PUBLIC=true,SEC_CREATOR_ADMIN=false,SEC_INH_ADMIN=true,SEC_INH_EDITOR=true,SEC_INH_VIEWER=true,SEC_ALL_ADMIN=false,SEC_ALL_EDITOR=false,SEC_ALL_VIEWER=false
]
2021-07-26 07:24:23.244 DEBUG content 19952 f0365b8e-65d3-4f7c-9a60-50850bc8baab_GETONERECORD Processing reference: ContentRole[name=readers,inherit=true,allowForAll=false]
2021-07-26 07:24:23.244 DEBUG content 19952 f0365b8e-65d3-4f7c-9a60-50850bc8baab_GETONERECORD Processing reference: ContentRole[name=authors,inherit=true,allowForAll=false]
2021-07-26 07:24:23.244 DEBUG content 19952 f0365b8e-65d3-4f7c-9a60-50850bc8baab_GETONERECORD Processing reference: ContentRole[name=administrators,inherit=true,allowForAll=false]
2021-07-26 07:24:23.244 DEBUG content 19952 f0365b8e-65d3-4f7c-9a60-50850bc8baab_GETONERECORD Processing reference: ContentRole[name=denyReaders,inherit=false,allowForAll=false]
2021-07-26 07:24:23.244 DEBUG content 19952 f0365b8e-65d3-4f7c-9a60-50850bc8baab_GETONERECORD Processing reference: ContentRole[name=denyAuthors,inherit=false,allowForAll=false]
2021-07-26 07:24:23.244 DEBUG content 19952 f0365b8e-65d3-4f7c-9a60-50850bc8baab_GETONERECORD Processing reference: ContentRole[name=denyAdministrators,inherit=false,allowForAll=false]
2021-07-26 07:24:23.244 DEBUG content 19952 f0365b8e-65d3-4f7c-9a60-50850bc8baab_GETONERECORD Completing produce.
2021-07-26 07:24:23.244 DEBUG content 19952 f0365b8e-65d3-4f7c-9a60-50850bc8baab_GETONERECORD Exporting binary resources.
2021-07-26 07:24:23.244 DEBUG content 19952 f0365b8e-65d3-4f7c-9a60-50850bc8baab_GETONERECORD Serializing object to XML.
2021-07-26 07:24:23.247 DEBUG content 19952 f0365b8e-65d3-4f7c-9a60-50850bc8baab_GETONERECORD Object transported.
2021-07-26 07:24:23.247 DEBUG content 19953 _a-0000e6a2-9a44-8000-65da-01ef9001ef90_186586 Begin transport.
2021-07-26 07:24:23.247 DEBUG content 19953 _a-0000e6a2-9a44-8000-65da-01ef9001ef90_186586 Retrieving object data.
2021-07-26 07:24:23.253 DEBUG content 19953 _a-0000e6a2-9a44-8000-65da-01ef9001ef90_186586 Setting uuids of object references.
2021-07-26 07:24:23.253 DEBUG content 19953 _a-0000e6a2-9a44-8000-65da-01ef9001ef90_186586 Processing reference: [Content:id=19944,versionId=-1,name=ESLA_LeaveRequestDashboard,type=32,subtype=6,uuid=_a-0000e6a2-9a44-8000-65da-01ef9001ef90_186586,parent=19935]
2021-07-26 07:24:23.262 DEBUG content 19953 _a-0000e6a2-9a44-8000-65da-01ef9001ef90_186586 Processing reference: Interface.forum
2021-07-26 07:24:23.263 DEBUG content 19953 _a-0000e6a2-9a44-8000-65da-01ef9001ef90_186586 Processing reference: TypedVariable[name=id,it=1,v=<null>]
2021-07-26 07:24:23.263 DEBUG content 19953 _a-0000e6a2-9a44-8000-65da-01ef9001ef90_186586 Processing reference: Interface.parent
2021-07-26 07:24:23.265 DEBUG content 19953 _a-0000e6a2-9a44-8000-65da-01ef9001ef90_186586 Processing reference: com.appiancorp.suiteapi.content.ContentRoleMap@b656227[
  ContentRole[name=readers,inherit=true,allowForAll=false]
  ContentRole[name=authors,inherit=true,allowForAll=false]
  ContentRole[name=administrators,inherit=true,allowForAll=false]
  ContentRole[name=denyReaders,inherit=false,allowForAll=false]
  ContentRole[name=denyAuthors,inherit=false,allowForAll=false]
  ContentRole[name=denyAdministrators,inherit=false,allowForAll=false]
  securityVector=15:SEC_PUBLIC=true,SEC_CREATOR_ADMIN=false,SEC_INH_ADMIN=true,SEC_INH_EDITOR=true,SEC_INH_VIEWER=true,SEC_ALL_ADMIN=false,SEC_ALL_EDITOR=false,SEC_ALL_VIEWER=false
]
2021-07-26 07:24:23.265 DEBUG content 19953 _a-0000e6a2-9a44-8000-65da-01ef9001ef90_186586 Processing reference: ContentRole[name=readers,inherit=true,allowForAll=false]
2021-07-26 07:24:23.265 DEBUG content 19953 _a-0000e6a2-9a44-8000-65da-01ef9001ef90_186586 Processing reference: ContentRole[name=authors,inherit=true,allowForAll=false]
2021-07-26 07:24:23.265 DEBUG content 19953 _a-0000e6a2-9a44-8000-65da-01ef9001ef90_186586 Processing reference: ContentRole[name=administrators,inherit=true,allowForAll=false]
2021-07-26 07:24:23.265 DEBUG content 19953 _a-0000e6a2-9a44-8000-65da-01ef9001ef90_186586 Processing reference: ContentRole[name=denyReaders,inherit=false,allowForAll=false]
2021-07-26 07:24:23.265 DEBUG content 19953 _a-0000e6a2-9a44-8000-65da-01ef9001ef90_186586 Processing reference: ContentRole[name=denyAuthors,inherit=false,allowForAll=false]
2021-07-26 07:24:23.265 DEBUG content 19953 _a-0000e6a2-9a44-8000-65da-01ef9001ef90_186586 Processing reference: ContentRole[name=denyAdministrators,inherit=false,allowForAll=false]
2021-07-26 07:24:23.265 DEBUG content 19953 _a-0000e6a2-9a44-8000-65da-01ef9001ef90_186586 Completing produce.
2021-07-26 07:24:23.265 DEBUG content 19953 _a-0000e6a2-9a44-8000-65da-01ef9001ef90_186586 Exporting binary resources.
2021-07-26 07:24:23.265 DEBUG content 19953 _a-0000e6a2-9a44-8000-65da-01ef9001ef90_186586 Serializing object to XML.
2021-07-26 07:24:23.268 DEBUG content 19953 _a-0000e6a2-9a44-8000-65da-01ef9001ef90_186586 Object transported.
2021-07-26 07:24:23.268 DEBUG content 19954 _a-0000e6a2-9a44-8000-65da-01ef9001ef90_186574 Begin transport.
2021-07-26 07:24:23.268 DEBUG content 19954 _a-0000e6a2-9a44-8000-65da-01ef9001ef90_186574 Retrieving object data.
2021-07-26 07:24:23.274 DEBUG content 19954 _a-0000e6a2-9a44-8000-65da-01ef9001ef90_186574 Setting uuids of object references.
2021-07-26 07:24:23.275 DEBUG content 19954 _a-0000e6a2-9a44-8000-65da-01ef9001ef90_186574 Processing reference: [Content:id=19941,versionId=-1,name=ESLA_DeleteLeaveRequestEntry,type=32,subtype=6,uuid=_a-0000e6a2-9a44-8000-65da-01ef9001ef90_186574,parent=19935]
2021-07-26 07:24:23.275 DEBUG content 19954 _a-0000e6a2-9a44-8000-65da-01ef9001ef90_186574 Processing reference: Interface.forum
2021-07-26 07:24:23.276 DEBUG content 19954 _a-0000e6a2-9a44-8000-65da-01ef9001ef90_186574 Processing reference: TypedVariable[name=record,it=5590,v=<null>]
2021-07-26 07:24:23.276 DEBUG content 19954 _a-0000e6a2-9a44-8000-65da-01ef9001ef90_186574 Processing reference: TypedVariable[name=cancel,it=26,v=<null>]
2021-07-26 07:24:23.276 DEBUG content 19954 _a-0000e6a2-9a44-8000-65da-01ef9001ef90_186574 Processing reference: Interface.parent
2021-07-26 07:24:23.278 DEBUG content 19954 _a-0000e6a2-9a44-8000-65da-01ef9001ef90_186574 Processing reference: com.appiancorp.suiteapi.content.ContentRoleMap@26c0355e[
  ContentRole[name=readers,inherit=true,allowForAll=false]
  ContentRole[name=authors,inherit=true,allowForAll=false]
  ContentRole[name=administrators,inherit=true,allowForAll=false]
  ContentRole[name=denyReaders,inherit=false,allowForAll=false]
  ContentRole[name=denyAuthors,inherit=false,allowForAll=false]
  ContentRole[name=denyAdministrators,inherit=false,allowForAll=false]
  securityVector=15:SEC_PUBLIC=true,SEC_CREATOR_ADMIN=false,SEC_INH_ADMIN=true,SEC_INH_EDITOR=true,SEC_INH_VIEWER=true,SEC_ALL_ADMIN=false,SEC_ALL_EDITOR=false,SEC_ALL_VIEWER=false
]
2021-07-26 07:24:23.278 DEBUG content 19954 _a-0000e6a2-9a44-8000-65da-01ef9001ef90_186574 Processing reference: ContentRole[name=readers,inherit=true,allowForAll=false]
2021-07-26 07:24:23.278 DEBUG content 19954 _a-0000e6a2-9a44-8000-65da-01ef9001ef90_186574 Processing reference: ContentRole[name=authors,inherit=true,allowForAll=false]
2021-07-26 07:24:23.278 DEBUG content 19954 _a-0000e6a2-9a44-8000-65da-01ef9001ef90_186574 Processing reference: ContentRole[name=administrators,inherit=true,allowForAll=false]
2021-07-26 07:24:23.278 DEBUG content 19954 _a-0000e6a2-9a44-8000-65da-01ef9001ef90_186574 Processing reference: ContentRole[name=denyReaders,inherit=false,allowForAll=false]
2021-07-26 07:24:23.278 DEBUG content 19954 _a-0000e6a2-9a44-8000-65da-01ef9001ef90_186574 Processing reference: ContentRole[name=denyAuthors,inherit=false,allowForAll=false]
2021-07-26 07:24:23.278 DEBUG content 19954 _a-0000e6a2-9a44-8000-65da-01ef9001ef90_186574 Processing reference: ContentRole[name=denyAdministrators,inherit=false,allowForAll=false]
2021-07-26 07:24:23.278 DEBUG content 19954 _a-0000e6a2-9a44-8000-65da-01ef9001ef90_186574 Completing produce.
2021-07-26 07:24:23.278 DEBUG content 19954 _a-0000e6a2-9a44-8000-65da-01ef9001ef90_186574 Exporting binary resources.
2021-07-26 07:24:23.278 DEBUG content 19954 _a-0000e6a2-9a44-8000-65da-01ef9001ef90_186574 Serializing object to XML.
2021-07-26 07:24:23.281 DEBUG content 19954 _a-0000e6a2-9a44-8000-65da-01ef9001ef90_186574 Object transported.
2021-07-26 07:24:23.281 DEBUG content 19955 _a-0000e6a2-9a44-8000-65da-01ef9001ef90_186554 Begin transport.
2021-07-26 07:24:23.281 DEBUG content 19955 _a-0000e6a2-9a44-8000-65da-01ef9001ef90_186554 Retrieving object data.
2021-07-26 07:24:23.286 DEBUG content 19955 _a-0000e6a2-9a44-8000-65da-01ef9001ef90_186554 Setting uuids of object references.
2021-07-26 07:24:23.286 DEBUG content 19955 _a-0000e6a2-9a44-8000-65da-01ef9001ef90_186554 Processing reference: [Content:id=19936,versionId=-1,name=ESLA_COLLABORATORS_GROUP,type=32,subtype=0,uuid=_a-0000e6a2-9a44-8000-65da-01ef9001ef90_186554,parent=19935]
2021-07-26 07:24:23.288 DEBUG content 19955 _a-0000e6a2-9a44-8000-65da-01ef9001ef90_186554 Processing reference: Constant.forum
2021-07-26 07:24:23.288 DEBUG content 19955 _a-0000e6a2-9a44-8000-65da-01ef9001ef90_186554 Processing reference: Constant.parent
2021-07-26 07:24:23.291 DEBUG content 19955 _a-0000e6a2-9a44-8000-65da-01ef9001ef90_186554 Processing reference: com.appiancorp.suiteapi.content.ContentRoleMap@6605f8bf[
  ContentRole[name=readers,inherit=true,allowForAll=false]
  ContentRole[name=authors,inherit=true,allowForAll=false]
  ContentRole[name=administrators,inherit=true,allowForAll=false]
  ContentRole[name=denyReaders,inherit=false,allowForAll=false]
  ContentRole[name=denyAuthors,inherit=false,allowForAll=false]
  ContentRole[name=denyAdministrators,inherit=false,allowForAll=false]
  securityVector=15:SEC_PUBLIC=true,SEC_CREATOR_ADMIN=false,SEC_INH_ADMIN=true,SEC_INH_EDITOR=true,SEC_INH_VIEWER=true,SEC_ALL_ADMIN=false,SEC_ALL_EDITOR=false,SEC_ALL_VIEWER=false
]
2021-07-26 07:24:23.291 DEBUG content 19955 _a-0000e6a2-9a44-8000-65da-01ef9001ef90_186554 Processing reference: ContentRole[name=readers,inherit=true,allowForAll=false]
2021-07-26 07:24:23.291 DEBUG content 19955 _a-0000e6a2-9a44-8000-65da-01ef9001ef90_186554 Processing reference: ContentRole[name=authors,inherit=true,allowForAll=false]
2021-07-26 07:24:23.291 DEBUG content 19955 _a-0000e6a2-9a44-8000-65da-01ef9001ef90_186554 Processing reference: ContentRole[name=administrators,inherit=true,allowForAll=false]
2021-07-26 07:24:23.291 DEBUG content 19955 _a-0000e6a2-9a44-8000-65da-01ef9001ef90_186554 Processing reference: ContentRole[name=denyReaders,inherit=false,allowForAll=false]
2021-07-26 07:24:23.291 DEBUG content 19955 _a-0000e6a2-9a44-8000-65da-01ef9001ef90_186554 Processing reference: ContentRole[name=denyAuthors,inherit=false,allowForAll=false]
2021-07-26 07:24:23.291 DEBUG content 19955 _a-0000e6a2-9a44-8000-65da-01ef9001ef90_186554 Processing reference: ContentRole[name=denyAdministrators,inherit=false,allowForAll=false]
2021-07-26 07:24:23.291 DEBUG content 19955 _a-0000e6a2-9a44-8000-65da-01ef9001ef90_186554 Completing produce.
2021-07-26 07:24:23.291 DEBUG content 19955 _a-0000e6a2-9a44-8000-65da-01ef9001ef90_186554 Exporting binary resources.
2021-07-26 07:24:23.291 DEBUG content 19955 _a-0000e6a2-9a44-8000-65da-01ef9001ef90_186554 Serializing object to XML.
2021-07-26 07:24:23.293 DEBUG content 19955 _a-0000e6a2-9a44-8000-65da-01ef9001ef90_186554 Object transported.
2021-07-26 07:24:23.293 DEBUG content 19958 _a-0000e6a2-9a44-8000-65da-01ef9001ef90_186582 Begin transport.
2021-07-26 07:24:23.293 DEBUG content 19958 _a-0000e6a2-9a44-8000-65da-01ef9001ef90_186582 Retrieving object data.
2021-07-26 07:24:23.3 DEBUG content 19958 _a-0000e6a2-9a44-8000-65da-01ef9001ef90_186582 Setting uuids of object references.
2021-07-26 07:24:23.3 DEBUG content 19958 _a-0000e6a2-9a44-8000-65da-01ef9001ef90_186582 Processing reference: [Content:id=19943,versionId=-1,name=ESLA_CreateUpdateLeaveRequest,type=32,subtype=6,uuid=_a-0000e6a2-9a44-8000-65da-01ef9001ef90_186582,parent=19935]
2021-07-26 07:24:23.303 DEBUG content 19958 _a-0000e6a2-9a44-8000-65da-01ef9001ef90_186582 Processing reference: Interface.forum
2021-07-26 07:24:23.304 DEBUG content 19958 _a-0000e6a2-9a44-8000-65da-01ef9001ef90_186582 Processing reference: TypedVariable[name=record,it=5590,v=<null>]
2021-07-26 07:24:23.304 DEBUG content 19958 _a-0000e6a2-9a44-8000-65da-01ef9001ef90_186582 Processing reference: TypedVariable[name=cancel,it=26,v=<null>]
2021-07-26 07:24:23.304 DEBUG content 19958 _a-0000e6a2-9a44-8000-65da-01ef9001ef90_186582 Processing reference: Interface.parent
2021-07-26 07:24:23.306 DEBUG content 19958 _a-0000e6a2-9a44-8000-65da-01ef9001ef90_186582 Processing reference: com.appiancorp.suiteapi.content.ContentRoleMap@2d5e25c6[
  ContentRole[name=readers,inherit=true,allowForAll=false]
  ContentRole[name=authors,inherit=true,allowForAll=false]
  ContentRole[name=administrators,inherit=true,allowForAll=false]
  ContentRole[name=denyReaders,inherit=false,allowForAll=false]
  ContentRole[name=denyAuthors,inherit=false,allowForAll=false]
  ContentRole[name=denyAdministrators,inherit=false,allowForAll=false]
  securityVector=15:SEC_PUBLIC=true,SEC_CREATOR_ADMIN=false,SEC_INH_ADMIN=true,SEC_INH_EDITOR=true,SEC_INH_VIEWER=true,SEC_ALL_ADMIN=false,SEC_ALL_EDITOR=false,SEC_ALL_VIEWER=false
]
2021-07-26 07:24:23.306 DEBUG content 19958 _a-0000e6a2-9a44-8000-65da-01ef9001ef90_186582 Processing reference: ContentRole[name=readers,inherit=true,allowForAll=false]
2021-07-26 07:24:23.306 DEBUG content 19958 _a-0000e6a2-9a44-8000-65da-01ef9001ef90_186582 Processing reference: ContentRole[name=authors,inherit=true,allowForAll=false]
2021-07-26 07:24:23.306 DEBUG content 19958 _a-0000e6a2-9a44-8000-65da-01ef9001ef90_186582 Processing reference: ContentRole[name=administrators,inherit=true,allowForAll=false]
2021-07-26 07:24:23.306 DEBUG content 19958 _a-0000e6a2-9a44-8000-65da-01ef9001ef90_186582 Processing reference: ContentRole[name=denyReaders,inherit=false,allowForAll=false]
2021-07-26 07:24:23.306 DEBUG content 19958 _a-0000e6a2-9a44-8000-65da-01ef9001ef90_186582 Processing reference: ContentRole[name=denyAuthors,inherit=false,allowForAll=false]
2021-07-26 07:24:23.306 DEBUG content 19958 _a-0000e6a2-9a44-8000-65da-01ef9001ef90_186582 Processing reference: ContentRole[name=denyAdministrators,inherit=false,allowForAll=false]
2021-07-26 07:24:23.306 DEBUG content 19958 _a-0000e6a2-9a44-8000-65da-01ef9001ef90_186582 Completing produce.
2021-07-26 07:24:23.306 DEBUG content 19958 _a-0000e6a2-9a44-8000-65da-01ef9001ef90_186582 Exporting binary resources.
2021-07-26 07:24:23.306 DEBUG content 19958 _a-0000e6a2-9a44-8000-65da-01ef9001ef90_186582 Serializing object to XML.
2021-07-26 07:24:23.309 DEBUG content 19958 _a-0000e6a2-9a44-8000-65da-01ef9001ef90_186582 Object transported.
2021-07-26 07:24:23.31 DEBUG processModelFolder 157 6c65ded8-9300-4ce3-83bc-2a6432ba59d9 Begin transport.
2021-07-26 07:24:23.31 DEBUG processModelFolder 157 6c65ded8-9300-4ce3-83bc-2a6432ba59d9 Retrieving object data.
2021-07-26 07:24:23.312 DEBUG processModelFolder 157 6c65ded8-9300-4ce3-83bc-2a6432ba59d9 Setting uuids of object references.
2021-07-26 07:24:23.313 DEBUG processModelFolder 157 6c65ded8-9300-4ce3-83bc-2a6432ba59d9 Processing reference: ProcessModelFolder.parentFolderId
2021-07-26 07:24:23.313 DEBUG processModelFolder 157 6c65ded8-9300-4ce3-83bc-2a6432ba59d9 Processing reference: com.appiancorp.suiteapi.process.ProcessRoleMap@6de416ba[
  Role[name=ADMIN_OWNER,groupIds=[532]]
  Role[name=EDITOR]
  Role[name=EXPLICIT_NONMEMBER]
  Role[name=VIEWER,groupIds=[533]]
  Role[name=MANAGER]
  Role[name=INITIATOR]
]
2021-07-26 07:24:23.313 DEBUG processModelFolder 157 6c65ded8-9300-4ce3-83bc-2a6432ba59d9 Processing reference: Role[name=ADMIN_OWNER,groupIds=[532]]
2021-07-26 07:24:23.314 DEBUG processModelFolder 157 6c65ded8-9300-4ce3-83bc-2a6432ba59d9 Processing reference: Role[name=EDITOR]
2021-07-26 07:24:23.314 DEBUG processModelFolder 157 6c65ded8-9300-4ce3-83bc-2a6432ba59d9 Processing reference: Role[name=EXPLICIT_NONMEMBER]
2021-07-26 07:24:23.314 DEBUG processModelFolder 157 6c65ded8-9300-4ce3-83bc-2a6432ba59d9 Processing reference: Role[name=VIEWER,groupIds=[533]]
2021-07-26 07:24:23.316 DEBUG processModelFolder 157 6c65ded8-9300-4ce3-83bc-2a6432ba59d9 Processing reference: Role[name=MANAGER]
2021-07-26 07:24:23.316 DEBUG processModelFolder 157 6c65ded8-9300-4ce3-83bc-2a6432ba59d9 Processing reference: Role[name=INITIATOR]
2021-07-26 07:24:23.316 DEBUG processModelFolder 157 6c65ded8-9300-4ce3-83bc-2a6432ba59d9 Completing produce.
2021-07-26 07:24:23.316 DEBUG processModelFolder 157 6c65ded8-9300-4ce3-83bc-2a6432ba59d9 Exporting binary resources.
2021-07-26 07:24:23.316 DEBUG processModelFolder 157 6c65ded8-9300-4ce3-83bc-2a6432ba59d9 Serializing object to XML.
2021-07-26 07:24:23.316 DEBUG processModelFolder 157 6c65ded8-9300-4ce3-83bc-2a6432ba59d9 Object transported.
2021-07-26 07:24:23.318 DEBUG processModel 1682 468e2ba7-55ac-408c-bb78-2c20cb6b1c00 Begin transport.
2021-07-26 07:24:23.318 DEBUG processModel 1682 468e2ba7-55ac-408c-bb78-2c20cb6b1c00 Retrieving object data.
2021-07-26 07:24:23.36 DEBUG processModel 1682 468e2ba7-55ac-408c-bb78-2c20cb6b1c00 Setting uuids of object references.
2021-07-26 07:24:23.36 DEBUG processModel 1682 468e2ba7-55ac-408c-bb78-2c20cb6b1c00 Processing reference: ProcessModelHaul.folderId
2021-07-26 07:24:23.361 DEBUG processModel 1682 468e2ba7-55ac-408c-bb78-2c20cb6b1c00 Processing reference: ProcessModelHaul.modelDashboardPageId
2021-07-26 07:24:23.361 DEBUG processModel 1682 468e2ba7-55ac-408c-bb78-2c20cb6b1c00 Processing reference: ProcessModelHaul.processDashboardPageId
2021-07-26 07:24:23.361 DEBUG processModel 1682 468e2ba7-55ac-408c-bb78-2c20cb6b1c00 Processing reference: ProcessModel.emailAttachmentFolderId
2021-07-26 07:24:23.362 DEBUG processModel 1682 468e2ba7-55ac-408c-bb78-2c20cb6b1c00 Processing reference: FormElement[label=Question1]
2021-07-26 07:24:23.362 DEBUG processModel 1682 468e2ba7-55ac-408c-bb78-2c20cb6b1c00 Processing reference: FormElement[label=Question2]
2021-07-26 07:24:23.362 DEBUG processModel 1682 468e2ba7-55ac-408c-bb78-2c20cb6b1c00 Processing reference: 4096 532
2021-07-26 07:24:23.363 DEBUG processModel 1682 468e2ba7-55ac-408c-bb78-2c20cb6b1c00 Processing reference: ActivityClass.localId
2021-07-26 07:24:23.363 DEBUG processModel 1682 468e2ba7-55ac-408c-bb78-2c20cb6b1c00 Processing reference: ActivityClass.localId
2021-07-26 07:24:23.363 DEBUG processModel 1682 468e2ba7-55ac-408c-bb78-2c20cb6b1c00 Processing reference: ActivityClassParameter[name=pmID,it=23,v=<null>]
2021-07-26 07:24:23.363 DEBUG processModel 1682 468e2ba7-55ac-408c-bb78-2c20cb6b1c00 Processing reference: ActivityClassParameter[name=inMap,it=111,v={}]
2021-07-26 07:24:23.363 DEBUG processModel 1682 468e2ba7-55ac-408c-bb78-2c20cb6b1c00 Processing reference: ActivityClassParameter[name=procInheritsPriority,it=1,v=1]
2021-07-26 07:24:23.363 DEBUG processModel 1682 468e2ba7-55ac-408c-bb78-2c20cb6b1c00 Processing reference: ActivityClassParameter[name=pmUUID,it=3,v=]
2021-07-26 07:24:23.363 DEBUG processModel 1682 468e2ba7-55ac-408c-bb78-2c20cb6b1c00 Processing reference: ActivityClassParameter[name=isAsynchronous,it=26,v=1]
2021-07-26 07:24:23.363 DEBUG processModel 1682 468e2ba7-55ac-408c-bb78-2c20cb6b1c00 Processing reference: ActivityClassParameter[name=isTransparent,it=26,v=1]
2021-07-26 07:24:23.363 DEBUG processModel 1682 468e2ba7-55ac-408c-bb78-2c20cb6b1c00 Processing reference: ActivityClassParameter[name=inheritSecurity,it=26,v=0]
2021-07-26 07:24:23.364 DEBUG processModel 1682 468e2ba7-55ac-408c-bb78-2c20cb6b1c00 Processing reference: ActivityClass.localId
2021-07-26 07:24:23.364 DEBUG processModel 1682 468e2ba7-55ac-408c-bb78-2c20cb6b1c00 Processing reference: ActivityClassParameter[name=DataToDelete,it=545,v=<null>]
2021-07-26 07:24:23.364 DEBUG processModel 1682 468e2ba7-55ac-408c-bb78-2c20cb6b1c00 Processing reference: ActivityClassParameter[name=DeletionComment,it=3,v=]
2021-07-26 07:24:23.364 DEBUG processModel 1682 468e2ba7-55ac-408c-bb78-2c20cb6b1c00 Processing reference: ActivityClass.localId
2021-07-26 07:24:23.364 DEBUG processModel 1682 468e2ba7-55ac-408c-bb78-2c20cb6b1c00 Processing reference: ActivityClassParameter[name=defaultNode,it=1,v=2]
2021-07-26 07:24:23.364 DEBUG processModel 1682 468e2ba7-55ac-408c-bb78-2c20cb6b1c00 Processing reference: ActivityClassParameter[name=rules,it=111,v={ActivityClassParameter[name=rule,it=11,v={ActivityClassParameter[name=expression,it=26,v=<null>],ActivityClassParameter[name=node,it=1,v=1],ActivityClassParameter[name=label,it=3,v=Yes]}]}]
2021-07-26 07:24:23.364 DEBUG processModel 1682 468e2ba7-55ac-408c-bb78-2c20cb6b1c00 Processing reference: ActivityClassParameter[name=fired,it=1,v=0]
2021-07-26 07:24:23.364 DEBUG processModel 1682 468e2ba7-55ac-408c-bb78-2c20cb6b1c00 Processing reference: ActivityClassParameter[name=arrivedNodes,it=101,v=<null>]
2021-07-26 07:24:23.364 DEBUG processModel 1682 468e2ba7-55ac-408c-bb78-2c20cb6b1c00 Processing reference: ProcessVariable[name=cancel,it=1,v=0]
2021-07-26 07:24:23.364 DEBUG processModel 1682 468e2ba7-55ac-408c-bb78-2c20cb6b1c00 Processing reference: ProcessVariable[name=record,it=5590,v=<null>]
2021-07-26 07:24:23.364 DEBUG processModel 1682 468e2ba7-55ac-408c-bb78-2c20cb6b1c00 Processing reference: com.appiancorp.suiteapi.process.ProcessRoleMap@58119897[
  Role[name=ADMIN_OWNER,groupIds=[532]]
  Role[name=EDITOR]
  Role[name=EXPLICIT_NONMEMBER]
  Role[name=VIEWER,groupIds=[533]]
  Role[name=MANAGER]
  Role[name=INITIATOR]
]
2021-07-26 07:24:23.364 DEBUG processModel 1682 468e2ba7-55ac-408c-bb78-2c20cb6b1c00 Processing reference: Role[name=ADMIN_OWNER,groupIds=[532]]
2021-07-26 07:24:23.366 DEBUG processModel 1682 468e2ba7-55ac-408c-bb78-2c20cb6b1c00 Processing reference: Role[name=EDITOR]
2021-07-26 07:24:23.366 DEBUG processModel 1682 468e2ba7-55ac-408c-bb78-2c20cb6b1c00 Processing reference: Role[name=EXPLICIT_NONMEMBER]
2021-07-26 07:24:23.366 DEBUG processModel 1682 468e2ba7-55ac-408c-bb78-2c20cb6b1c00 Processing reference: Role[name=VIEWER,groupIds=[533]]
2021-07-26 07:24:23.367 DEBUG processModel 1682 468e2ba7-55ac-408c-bb78-2c20cb6b1c00 Processing reference: Role[name=MANAGER]
2021-07-26 07:24:23.367 DEBUG processModel 1682 468e2ba7-55ac-408c-bb78-2c20cb6b1c00 Processing reference: Role[name=INITIATOR]
2021-07-26 07:24:23.372 DEBUG processModel 1682 468e2ba7-55ac-408c-bb78-2c20cb6b1c00 Completing produce.
2021-07-26 07:24:23.372 DEBUG processModel 1682 468e2ba7-55ac-408c-bb78-2c20cb6b1c00 Exporting binary resources.
2021-07-26 07:24:23.372 DEBUG processModel 1682 468e2ba7-55ac-408c-bb78-2c20cb6b1c00 Serializing object to XML.
2021-07-26 07:24:23.377 DEBUG processModel 1682 468e2ba7-55ac-408c-bb78-2c20cb6b1c00 Object transported.
2021-07-26 07:24:23.377 DEBUG processModel 1683 14a9c787-5920-425f-8184-8e80cc79ed04 Begin transport.
2021-07-26 07:24:23.378 DEBUG processModel 1683 14a9c787-5920-425f-8184-8e80cc79ed04 Retrieving object data.
2021-07-26 07:24:23.439 DEBUG processModel 1683 14a9c787-5920-425f-8184-8e80cc79ed04 Setting uuids of object references.
2021-07-26 07:24:23.439 DEBUG processModel 1683 14a9c787-5920-425f-8184-8e80cc79ed04 Processing reference: ProcessModelHaul.folderId
2021-07-26 07:24:23.44 DEBUG processModel 1683 14a9c787-5920-425f-8184-8e80cc79ed04 Processing reference: ProcessModelHaul.modelDashboardPageId
2021-07-26 07:24:23.44 DEBUG processModel 1683 14a9c787-5920-425f-8184-8e80cc79ed04 Processing reference: ProcessModelHaul.processDashboardPageId
2021-07-26 07:24:23.44 DEBUG processModel 1683 14a9c787-5920-425f-8184-8e80cc79ed04 Processing reference: ProcessModel.emailAttachmentFolderId
2021-07-26 07:24:23.441 DEBUG processModel 1683 14a9c787-5920-425f-8184-8e80cc79ed04 Processing reference: FormElement[label=Question2]
2021-07-26 07:24:23.441 DEBUG processModel 1683 14a9c787-5920-425f-8184-8e80cc79ed04 Processing reference: 4096 532
2021-07-26 07:24:23.442 DEBUG processModel 1683 14a9c787-5920-425f-8184-8e80cc79ed04 Processing reference: ActivityClass.localId
2021-07-26 07:24:23.442 DEBUG processModel 1683 14a9c787-5920-425f-8184-8e80cc79ed04 Processing reference: ActivityClass.localId
2021-07-26 07:24:23.442 DEBUG processModel 1683 14a9c787-5920-425f-8184-8e80cc79ed04 Processing reference: ActivityClassParameter[name=pmID,it=23,v=<null>]
2021-07-26 07:24:23.442 DEBUG processModel 1683 14a9c787-5920-425f-8184-8e80cc79ed04 Processing reference: ActivityClassParameter[name=inMap,it=111,v={}]
2021-07-26 07:24:23.442 DEBUG processModel 1683 14a9c787-5920-425f-8184-8e80cc79ed04 Processing reference: ActivityClassParameter[name=procInheritsPriority,it=1,v=1]
2021-07-26 07:24:23.442 DEBUG processModel 1683 14a9c787-5920-425f-8184-8e80cc79ed04 Processing reference: ActivityClassParameter[name=pmUUID,it=3,v=]
2021-07-26 07:24:23.442 DEBUG processModel 1683 14a9c787-5920-425f-8184-8e80cc79ed04 Processing reference: ActivityClassParameter[name=isAsynchronous,it=26,v=1]
2021-07-26 07:24:23.442 DEBUG processModel 1683 14a9c787-5920-425f-8184-8e80cc79ed04 Processing reference: ActivityClassParameter[name=isTransparent,it=26,v=1]
2021-07-26 07:24:23.443 DEBUG processModel 1683 14a9c787-5920-425f-8184-8e80cc79ed04 Processing reference: ActivityClassParameter[name=inheritSecurity,it=26,v=0]
2021-07-26 07:24:23.443 DEBUG processModel 1683 14a9c787-5920-425f-8184-8e80cc79ed04 Processing reference: ActivityClass.localId
2021-07-26 07:24:23.443 DEBUG processModel 1683 14a9c787-5920-425f-8184-8e80cc79ed04 Processing reference: ActivityClassParameter[name=defaultNode,it=1,v=2]
2021-07-26 07:24:23.443 DEBUG processModel 1683 14a9c787-5920-425f-8184-8e80cc79ed04 Processing reference: ActivityClassParameter[name=rules,it=111,v={ActivityClassParameter[name=rule,it=11,v={ActivityClassParameter[name=expression,it=26,v=<null>],ActivityClassParameter[name=node,it=1,v=1],ActivityClassParameter[name=label,it=3,v=Yes]}]}]
2021-07-26 07:24:23.443 DEBUG processModel 1683 14a9c787-5920-425f-8184-8e80cc79ed04 Processing reference: ActivityClassParameter[name=fired,it=1,v=0]
2021-07-26 07:24:23.443 DEBUG processModel 1683 14a9c787-5920-425f-8184-8e80cc79ed04 Processing reference: ActivityClassParameter[name=arrivedNodes,it=101,v=<null>]
2021-07-26 07:24:23.443 DEBUG processModel 1683 14a9c787-5920-425f-8184-8e80cc79ed04 Processing reference: ActivityClassParameter[name=record,it=5590,v=<null>]
2021-07-26 07:24:23.443 DEBUG processModel 1683 14a9c787-5920-425f-8184-8e80cc79ed04 Processing reference: ActivityClass.localId
2021-07-26 07:24:23.443 DEBUG processModel 1683 14a9c787-5920-425f-8184-8e80cc79ed04 Processing reference: ActivityClassParameter[name=DataStoreEntity,it=81,v=]
2021-07-26 07:24:23.443 DEBUG processModel 1683 14a9c787-5920-425f-8184-8e80cc79ed04 Processing reference: ActivityClassParameter[name=StoredValues,it=197,v=<null>]
2021-07-26 07:24:23.443 DEBUG processModel 1683 14a9c787-5920-425f-8184-8e80cc79ed04 Processing reference: ProcessVariable[name=cancel,it=26,v=<null>]
2021-07-26 07:24:23.443 DEBUG processModel 1683 14a9c787-5920-425f-8184-8e80cc79ed04 Processing reference: ProcessVariable[name=record,it=5590,v=<null>]
2021-07-26 07:24:23.443 DEBUG processModel 1683 14a9c787-5920-425f-8184-8e80cc79ed04 Processing reference: com.appiancorp.suiteapi.process.ProcessRoleMap@1a58dc1c[
  Role[name=ADMIN_OWNER,groupIds=[532]]
  Role[name=EDITOR]
  Role[name=EXPLICIT_NONMEMBER]
  Role[name=VIEWER,groupIds=[533]]
  Role[name=MANAGER]
  Role[name=INITIATOR]
]
2021-07-26 07:24:23.443 DEBUG processModel 1683 14a9c787-5920-425f-8184-8e80cc79ed04 Processing reference: Role[name=ADMIN_OWNER,groupIds=[532]]
2021-07-26 07:24:23.444 DEBUG processModel 1683 14a9c787-5920-425f-8184-8e80cc79ed04 Processing reference: Role[name=EDITOR]
2021-07-26 07:24:23.444 DEBUG processModel 1683 14a9c787-5920-425f-8184-8e80cc79ed04 Processing reference: Role[name=EXPLICIT_NONMEMBER]
2021-07-26 07:24:23.444 DEBUG processModel 1683 14a9c787-5920-425f-8184-8e80cc79ed04 Processing reference: Role[name=VIEWER,groupIds=[533]]
2021-07-26 07:24:23.445 DEBUG processModel 1683 14a9c787-5920-425f-8184-8e80cc79ed04 Processing reference: Role[name=MANAGER]
2021-07-26 07:24:23.445 DEBUG processModel 1683 14a9c787-5920-425f-8184-8e80cc79ed04 Processing reference: Role[name=INITIATOR]
2021-07-26 07:24:23.451 DEBUG processModel 1683 14a9c787-5920-425f-8184-8e80cc79ed04 Completing produce.
2021-07-26 07:24:23.451 DEBUG processModel 1683 14a9c787-5920-425f-8184-8e80cc79ed04 Exporting binary resources.
2021-07-26 07:24:23.451 DEBUG processModel 1683 14a9c787-5920-425f-8184-8e80cc79ed04 Serializing object to XML.
2021-07-26 07:24:23.456 DEBUG processModel 1683 14a9c787-5920-425f-8184-8e80cc79ed04 Object transported.
2021-07-26 07:24:23.458 DEBUG recordType 144 e42b770c-3819-4df6-ab4f-d62c7742b3a8 Begin transport.
2021-07-26 07:24:23.458 DEBUG recordType 144 e42b770c-3819-4df6-ab4f-d62c7742b3a8 Retrieving object data.
2021-07-26 07:24:23.501 DEBUG recordType 144 e42b770c-3819-4df6-ab4f-d62c7742b3a8 Setting uuids of object references.
2021-07-26 07:24:23.501 DEBUG recordType 144 e42b770c-3819-4df6-ab4f-d62c7742b3a8 Processing reference: RecordTypeDefinition.dataSrcExpr
2021-07-26 07:24:23.501 DEBUG recordType 144 e42b770c-3819-4df6-ab4f-d62c7742b3a8 Processing reference: RecordTypeDefinition.defaultFilters
2021-07-26 07:24:23.501 DEBUG recordType 144 e42b770c-3819-4df6-ab4f-d62c7742b3a8 Processing reference: RecordTypeDefinition.defaultFiltersExpr
2021-07-26 07:24:23.501 DEBUG recordType 144 e42b770c-3819-4df6-ab4f-d62c7742b3a8 Processing reference: DetailViewCfg.headerExpr
2021-07-26 07:24:23.501 DEBUG recordType 144 e42b770c-3819-4df6-ab4f-d62c7742b3a8 Processing reference: DetailViewCfg.nameExpr
2021-07-26 07:24:23.502 DEBUG recordType 144 e42b770c-3819-4df6-ab4f-d62c7742b3a8 Processing reference: DetailViewCfg.uiExpr
2021-07-26 07:24:23.506 DEBUG recordType 144 e42b770c-3819-4df6-ab4f-d62c7742b3a8 Processing reference: DetailViewCfg.visibilityExpr
2021-07-26 07:24:23.506 DEBUG recordType 144 e42b770c-3819-4df6-ab4f-d62c7742b3a8 Processing reference: RecordTypeDefinition.facetsListExpr
2021-07-26 07:24:23.506 DEBUG recordType 144 e42b770c-3819-4df6-ab4f-d62c7742b3a8 Processing reference: FieldCfg.defaultOptionExpr
2021-07-26 07:24:23.506 DEBUG recordType 144 e42b770c-3819-4df6-ab4f-d62c7742b3a8 Processing reference: FieldCfg.facetExpr
2021-07-26 07:24:23.535 DEBUG recordType 144 e42b770c-3819-4df6-ab4f-d62c7742b3a8 Processing reference: FieldCfg.visibilityExpr
2021-07-26 07:24:23.535 DEBUG recordType 144 e42b770c-3819-4df6-ab4f-d62c7742b3a8 Processing reference: RecordTypeDefinition.listViewTemplateExpr
2021-07-26 07:24:23.556 DEBUG recordType 144 e42b770c-3819-4df6-ab4f-d62c7742b3a8 Processing reference: RecordListActionCfg.target
2021-07-26 07:24:23.559 DEBUG recordType 144 e42b770c-3819-4df6-ab4f-d62c7742b3a8 Processing reference: RecordListActionCfg.visibilityExpr
2021-07-26 07:24:23.559 DEBUG recordType 144 e42b770c-3819-4df6-ab4f-d62c7742b3a8 Processing reference: RelatedActionCfg.contextExpr
2021-07-26 07:24:23.562 DEBUG recordType 144 e42b770c-3819-4df6-ab4f-d62c7742b3a8 Processing reference: RelatedActionCfg.target
2021-07-26 07:24:23.564 DEBUG recordType 144 e42b770c-3819-4df6-ab4f-d62c7742b3a8 Processing reference: RelatedActionCfg.visibilityExpr
2021-07-26 07:24:23.565 DEBUG recordType 144 e42b770c-3819-4df6-ab4f-d62c7742b3a8 Processing reference: RelatedActionCfg.contextExpr
2021-07-26 07:24:23.567 DEBUG recordType 144 e42b770c-3819-4df6-ab4f-d62c7742b3a8 Processing reference: RelatedActionCfg.target
2021-07-26 07:24:23.569 DEBUG recordType 144 e42b770c-3819-4df6-ab4f-d62c7742b3a8 Processing reference: RelatedActionCfg.visibilityExpr
2021-07-26 07:24:23.57 DEBUG recordType 144 e42b770c-3819-4df6-ab4f-d62c7742b3a8 Processing reference: RecordTypeDefinition.source
2021-07-26 07:24:23.573 DEBUG recordType 144 e42b770c-3819-4df6-ab4f-d62c7742b3a8 Processing reference: RecordTypeDefinition.titleExpr
2021-07-26 07:24:23.59 DEBUG recordType 144 e42b770c-3819-4df6-ab4f-d62c7742b3a8 Processing reference: Role[name=record_type_administrator,groupIds=[532]]
2021-07-26 07:24:23.591 DEBUG recordType 144 e42b770c-3819-4df6-ab4f-d62c7742b3a8 Processing reference: Role[name=record_type_viewer,groupIds=[533]]
2021-07-26 07:24:23.593 DEBUG recordType 144 e42b770c-3819-4df6-ab4f-d62c7742b3a8 Completing produce.
2021-07-26 07:24:23.593 DEBUG recordType 144 e42b770c-3819-4df6-ab4f-d62c7742b3a8 Exporting binary resources.
2021-07-26 07:24:23.593 DEBUG recordType 144 e42b770c-3819-4df6-ab4f-d62c7742b3a8 Serializing object to XML.
2021-07-26 07:24:23.596 DEBUG recordType 144 e42b770c-3819-4df6-ab4f-d62c7742b3a8 Object transported.
2021-07-26 07:24:23.597 DEBUG application 19934 _a-0000e6a2-9a44-8000-65da-01ef9001ef90_186545 Completing produce.
2021-07-26 07:24:23.597 DEBUG application 19934 _a-0000e6a2-9a44-8000-65da-01ef9001ef90_186545 Exporting binary resources.
2021-07-26 07:24:23.597 DEBUG application 19934 _a-0000e6a2-9a44-8000-65da-01ef9001ef90_186545 Serializing object to XML.
2021-07-26 07:24:23.598 DEBUG application 19934 _a-0000e6a2-9a44-8000-65da-01ef9001ef90_186545 Object transported.
