Success (8):
content 13465 _a-0000e323-440f-8000-61d0-01ef9001ef90_142554 "Stopwatch Timer"
content 13690 _a-0000e323-440f-8000-61d0-01ef9001ef90_142560 "stopWatchTimerComponentSample1"
content 13899 _a-0000e323-440f-8000-61d0-01ef9001ef90_142601 "stopWatchTimerComponentSample2"
content 83967 _a-0000e6a2-9d8e-8000-622c-01ef9001ef90_988062 "stopwatchTimerComponentWithAutoStopSample"
application 13464 _a-0000e323-440f-8000-61d0-01ef9001ef90_142549 "Stopwatch Timer Component Samples"
tempoReport 75 1c96764b-337b-48ce-8a98-04d167489891 "StopWatch TimerComponent"
tempoReport 156 2259ef01-d9ee-4fac-834f-fe34b7b0e611 "Stopwatch Timer Component Autostop Sample"
site 43 e101a307-fa44-4f52-888d-9bf46ac20739 "Stopwatch Timer Component"

Referenced precedents that were not exported (1):
pluginInfo com.vuram.timerComponent com.vuram.timerComponent

Trace:
2021-07-12 11:57:23.147 DEBUG application 13464 _a-0000e323-440f-8000-61d0-01ef9001ef90_142549 Begin transport.
2021-07-12 11:57:23.147 DEBUG application 13464 _a-0000e323-440f-8000-61d0-01ef9001ef90_142549 Retrieving object data.
2021-07-12 11:57:23.152 DEBUG application 13464 _a-0000e323-440f-8000-61d0-01ef9001ef90_142549 App associated objects: [content=[_a-0000e323-440f-8000-61d0-01ef9001ef90_142554, _a-0000e323-440f-8000-61d0-01ef9001ef90_142560, _a-0000e323-440f-8000-61d0-01ef9001ef90_142601, _a-0000e6a2-9d8e-8000-622c-01ef9001ef90_988062],tempoReport=[1c96764b-337b-48ce-8a98-04d167489891, 2259ef01-d9ee-4fac-834f-fe34b7b0e611],site=[e101a307-fa44-4f52-888d-9bf46ac20739]]
2021-07-12 11:57:23.156 DEBUG application 13464 _a-0000e323-440f-8000-61d0-01ef9001ef90_142549 Invalid associated objects: []
2021-07-12 11:57:23.156 DEBUG application 13464 _a-0000e323-440f-8000-61d0-01ef9001ef90_142549 Adding valid associated objects to be exported: GlobalBindingMap[content={_a-0000e323-440f-8000-61d0-01ef9001ef90_142554=13465, _a-0000e323-440f-8000-61d0-01ef9001ef90_142560=13690, _a-0000e323-440f-8000-61d0-01ef9001ef90_142601=13899, _a-0000e6a2-9d8e-8000-622c-01ef9001ef90_988062=83967},tempoReport={1c96764b-337b-48ce-8a98-04d167489891=75, 2259ef01-d9ee-4fac-834f-fe34b7b0e611=156},site={e101a307-fa44-4f52-888d-9bf46ac20739=43}]
2021-07-12 11:57:23.156 DEBUG application 13464 _a-0000e323-440f-8000-61d0-01ef9001ef90_142549 Setting uuids of object references.
2021-07-12 11:57:23.158 DEBUG application 13464 _a-0000e323-440f-8000-61d0-01ef9001ef90_142549 Processing reference: Application.forum
2021-07-12 11:57:23.159 DEBUG application 13464 _a-0000e323-440f-8000-61d0-01ef9001ef90_142549 Processing reference: Application.parent
2021-07-12 11:57:23.162 DEBUG application 13464 _a-0000e323-440f-8000-61d0-01ef9001ef90_142549 Processing reference: com.appiancorp.suiteapi.content.ContentRoleMap@19c12505[
  ContentRole[name=readers,inherit=false,allowForAll=false]
  ContentRole[name=authors,inherit=false,allowForAll=false]
  ContentRole[name=administrators,inherit=false,allowForAll=false]
  ContentRole[name=denyReaders,inherit=false,allowForAll=false]
  ContentRole[name=denyAuthors,inherit=false,allowForAll=false]
  ContentRole[name=denyAdministrators,inherit=false,allowForAll=false]
  securityVector=1:SEC_PUBLIC=true,SEC_CREATOR_ADMIN=false,SEC_INH_ADMIN=false,SEC_INH_EDITOR=false,SEC_INH_VIEWER=false,SEC_ALL_ADMIN=false,SEC_ALL_EDITOR=false,SEC_ALL_VIEWER=false
]
2021-07-12 11:57:23.163 DEBUG application 13464 _a-0000e323-440f-8000-61d0-01ef9001ef90_142549 Processing reference: ContentRole[name=readers,inherit=false,allowForAll=false]
2021-07-12 11:57:23.163 DEBUG application 13464 _a-0000e323-440f-8000-61d0-01ef9001ef90_142549 Processing reference: ContentRole[name=authors,inherit=false,allowForAll=false]
2021-07-12 11:57:23.163 DEBUG application 13464 _a-0000e323-440f-8000-61d0-01ef9001ef90_142549 Processing reference: ContentRole[name=administrators,inherit=false,allowForAll=false]
2021-07-12 11:57:23.163 DEBUG application 13464 _a-0000e323-440f-8000-61d0-01ef9001ef90_142549 Processing reference: ContentRole[name=denyReaders,inherit=false,allowForAll=false]
2021-07-12 11:57:23.163 DEBUG application 13464 _a-0000e323-440f-8000-61d0-01ef9001ef90_142549 Processing reference: ContentRole[name=denyAuthors,inherit=false,allowForAll=false]
2021-07-12 11:57:23.163 DEBUG application 13464 _a-0000e323-440f-8000-61d0-01ef9001ef90_142549 Processing reference: ContentRole[name=denyAdministrators,inherit=false,allowForAll=false]
2021-07-12 11:57:23.165 DEBUG content 13465 _a-0000e323-440f-8000-61d0-01ef9001ef90_142554 Begin transport.
2021-07-12 11:57:23.165 DEBUG content 13465 _a-0000e323-440f-8000-61d0-01ef9001ef90_142554 Retrieving object data.
2021-07-12 11:57:23.171 DEBUG content 13465 _a-0000e323-440f-8000-61d0-01ef9001ef90_142554 Setting uuids of object references.
2021-07-12 11:57:23.171 DEBUG content 13465 _a-0000e323-440f-8000-61d0-01ef9001ef90_142554 Processing reference: RulesFolder.forum
2021-07-12 11:57:23.173 DEBUG content 13465 _a-0000e323-440f-8000-61d0-01ef9001ef90_142554 Processing reference: RulesFolder.parent
2021-07-12 11:57:23.175 DEBUG content 13465 _a-0000e323-440f-8000-61d0-01ef9001ef90_142554 Processing reference: com.appiancorp.suiteapi.content.ContentRoleMap@57b2feeb[
  ContentRole[name=readers,inherit=false,allowForAll=false]
  ContentRole[name=authors,inherit=false,allowForAll=false]
  ContentRole[name=administrators,inherit=false,allowForAll=false]
  ContentRole[name=denyReaders,inherit=false,allowForAll=false]
  ContentRole[name=denyAuthors,inherit=false,allowForAll=false]
  ContentRole[name=denyAdministrators,inherit=false,allowForAll=false]
  securityVector=1:SEC_PUBLIC=true,SEC_CREATOR_ADMIN=false,SEC_INH_ADMIN=false,SEC_INH_EDITOR=false,SEC_INH_VIEWER=false,SEC_ALL_ADMIN=false,SEC_ALL_EDITOR=false,SEC_ALL_VIEWER=false
]
2021-07-12 11:57:23.175 DEBUG content 13465 _a-0000e323-440f-8000-61d0-01ef9001ef90_142554 Processing reference: ContentRole[name=readers,inherit=false,allowForAll=false]
2021-07-12 11:57:23.175 DEBUG content 13465 _a-0000e323-440f-8000-61d0-01ef9001ef90_142554 Processing reference: ContentRole[name=authors,inherit=false,allowForAll=false]
2021-07-12 11:57:23.175 DEBUG content 13465 _a-0000e323-440f-8000-61d0-01ef9001ef90_142554 Processing reference: ContentRole[name=administrators,inherit=false,allowForAll=false]
2021-07-12 11:57:23.175 DEBUG content 13465 _a-0000e323-440f-8000-61d0-01ef9001ef90_142554 Processing reference: ContentRole[name=denyReaders,inherit=false,allowForAll=false]
2021-07-12 11:57:23.175 DEBUG content 13465 _a-0000e323-440f-8000-61d0-01ef9001ef90_142554 Processing reference: ContentRole[name=denyAuthors,inherit=false,allowForAll=false]
2021-07-12 11:57:23.175 DEBUG content 13465 _a-0000e323-440f-8000-61d0-01ef9001ef90_142554 Processing reference: ContentRole[name=denyAdministrators,inherit=false,allowForAll=false]
2021-07-12 11:57:23.175 DEBUG content 13465 _a-0000e323-440f-8000-61d0-01ef9001ef90_142554 Completing produce.
2021-07-12 11:57:23.175 DEBUG content 13465 _a-0000e323-440f-8000-61d0-01ef9001ef90_142554 Exporting binary resources.
2021-07-12 11:57:23.175 DEBUG content 13465 _a-0000e323-440f-8000-61d0-01ef9001ef90_142554 Serializing object to XML.
2021-07-12 11:57:23.178 DEBUG content 13465 _a-0000e323-440f-8000-61d0-01ef9001ef90_142554 Object transported.
2021-07-12 11:57:23.178 DEBUG content 13690 _a-0000e323-440f-8000-61d0-01ef9001ef90_142560 Begin transport.
2021-07-12 11:57:23.178 DEBUG content 13690 _a-0000e323-440f-8000-61d0-01ef9001ef90_142560 Retrieving object data.
2021-07-12 11:57:23.185 DEBUG content 13690 _a-0000e323-440f-8000-61d0-01ef9001ef90_142560 Setting uuids of object references.
2021-07-12 11:57:23.185 DEBUG content 13690 _a-0000e323-440f-8000-61d0-01ef9001ef90_142560 Processing reference: [Content:id=13466,versionId=-1,name=stopWatchTimerComponentSample1,type=32,subtype=6,uuid=_a-0000e323-440f-8000-61d0-01ef9001ef90_142560,parent=13465]
2021-07-12 11:57:23.187 DEBUG content 13690 _a-0000e323-440f-8000-61d0-01ef9001ef90_142560 Processing reference: Interface.forum
2021-07-12 11:57:23.188 DEBUG content 13690 _a-0000e323-440f-8000-61d0-01ef9001ef90_142560 Processing reference: Interface.parent
2021-07-12 11:57:23.191 DEBUG content 13690 _a-0000e323-440f-8000-61d0-01ef9001ef90_142560 Processing reference: com.appiancorp.suiteapi.content.ContentRoleMap@11528442[
  ContentRole[name=readers,inherit=true,allowForAll=false]
  ContentRole[name=authors,inherit=true,allowForAll=false]
  ContentRole[name=administrators,inherit=true,allowForAll=false]
  ContentRole[name=denyReaders,inherit=false,allowForAll=false]
  ContentRole[name=denyAuthors,inherit=false,allowForAll=false]
  ContentRole[name=denyAdministrators,inherit=false,allowForAll=false]
  securityVector=15:SEC_PUBLIC=true,SEC_CREATOR_ADMIN=false,SEC_INH_ADMIN=true,SEC_INH_EDITOR=true,SEC_INH_VIEWER=true,SEC_ALL_ADMIN=false,SEC_ALL_EDITOR=false,SEC_ALL_VIEWER=false
]
2021-07-12 11:57:23.191 DEBUG content 13690 _a-0000e323-440f-8000-61d0-01ef9001ef90_142560 Processing reference: ContentRole[name=readers,inherit=true,allowForAll=false]
2021-07-12 11:57:23.191 DEBUG content 13690 _a-0000e323-440f-8000-61d0-01ef9001ef90_142560 Processing reference: ContentRole[name=authors,inherit=true,allowForAll=false]
2021-07-12 11:57:23.191 DEBUG content 13690 _a-0000e323-440f-8000-61d0-01ef9001ef90_142560 Processing reference: ContentRole[name=administrators,inherit=true,allowForAll=false]
2021-07-12 11:57:23.191 DEBUG content 13690 _a-0000e323-440f-8000-61d0-01ef9001ef90_142560 Processing reference: ContentRole[name=denyReaders,inherit=false,allowForAll=false]
2021-07-12 11:57:23.191 DEBUG content 13690 _a-0000e323-440f-8000-61d0-01ef9001ef90_142560 Processing reference: ContentRole[name=denyAuthors,inherit=false,allowForAll=false]
2021-07-12 11:57:23.191 DEBUG content 13690 _a-0000e323-440f-8000-61d0-01ef9001ef90_142560 Processing reference: ContentRole[name=denyAdministrators,inherit=false,allowForAll=false]
2021-07-12 11:57:23.191 DEBUG content 13690 _a-0000e323-440f-8000-61d0-01ef9001ef90_142560 Completing produce.
2021-07-12 11:57:23.191 DEBUG content 13690 _a-0000e323-440f-8000-61d0-01ef9001ef90_142560 Exporting binary resources.
2021-07-12 11:57:23.191 DEBUG content 13690 _a-0000e323-440f-8000-61d0-01ef9001ef90_142560 Serializing object to XML.
2021-07-12 11:57:23.192 DEBUG content 13690 _a-0000e323-440f-8000-61d0-01ef9001ef90_142560 Object transported.
2021-07-12 11:57:23.192 DEBUG content 13899 _a-0000e323-440f-8000-61d0-01ef9001ef90_142601 Begin transport.
2021-07-12 11:57:23.192 DEBUG content 13899 _a-0000e323-440f-8000-61d0-01ef9001ef90_142601 Retrieving object data.
2021-07-12 11:57:23.198 DEBUG content 13899 _a-0000e323-440f-8000-61d0-01ef9001ef90_142601 Setting uuids of object references.
2021-07-12 11:57:23.198 DEBUG content 13899 _a-0000e323-440f-8000-61d0-01ef9001ef90_142601 Processing reference: [Content:id=13472,versionId=-1,name=stopWatchTimerComponentSample2,type=32,subtype=6,uuid=_a-0000e323-440f-8000-61d0-01ef9001ef90_142601,parent=13465]
2021-07-12 11:57:23.201 DEBUG content 13899 _a-0000e323-440f-8000-61d0-01ef9001ef90_142601 Processing reference: Interface.forum
2021-07-12 11:57:23.201 DEBUG content 13899 _a-0000e323-440f-8000-61d0-01ef9001ef90_142601 Processing reference: Interface.parent
2021-07-12 11:57:23.203 DEBUG content 13899 _a-0000e323-440f-8000-61d0-01ef9001ef90_142601 Processing reference: com.appiancorp.suiteapi.content.ContentRoleMap@1a2167d6[
  ContentRole[name=readers,inherit=true,allowForAll=false]
  ContentRole[name=authors,inherit=true,allowForAll=false]
  ContentRole[name=administrators,inherit=true,allowForAll=false]
  ContentRole[name=denyReaders,inherit=false,allowForAll=false]
  ContentRole[name=denyAuthors,inherit=false,allowForAll=false]
  ContentRole[name=denyAdministrators,inherit=false,allowForAll=false]
  securityVector=15:SEC_PUBLIC=true,SEC_CREATOR_ADMIN=false,SEC_INH_ADMIN=true,SEC_INH_EDITOR=true,SEC_INH_VIEWER=true,SEC_ALL_ADMIN=false,SEC_ALL_EDITOR=false,SEC_ALL_VIEWER=false
]
2021-07-12 11:57:23.203 DEBUG content 13899 _a-0000e323-440f-8000-61d0-01ef9001ef90_142601 Processing reference: ContentRole[name=readers,inherit=true,allowForAll=false]
2021-07-12 11:57:23.203 DEBUG content 13899 _a-0000e323-440f-8000-61d0-01ef9001ef90_142601 Processing reference: ContentRole[name=authors,inherit=true,allowForAll=false]
2021-07-12 11:57:23.203 DEBUG content 13899 _a-0000e323-440f-8000-61d0-01ef9001ef90_142601 Processing reference: ContentRole[name=administrators,inherit=true,allowForAll=false]
2021-07-12 11:57:23.203 DEBUG content 13899 _a-0000e323-440f-8000-61d0-01ef9001ef90_142601 Processing reference: ContentRole[name=denyReaders,inherit=false,allowForAll=false]
2021-07-12 11:57:23.203 DEBUG content 13899 _a-0000e323-440f-8000-61d0-01ef9001ef90_142601 Processing reference: ContentRole[name=denyAuthors,inherit=false,allowForAll=false]
2021-07-12 11:57:23.204 DEBUG content 13899 _a-0000e323-440f-8000-61d0-01ef9001ef90_142601 Processing reference: ContentRole[name=denyAdministrators,inherit=false,allowForAll=false]
2021-07-12 11:57:23.204 DEBUG content 13899 _a-0000e323-440f-8000-61d0-01ef9001ef90_142601 Completing produce.
2021-07-12 11:57:23.204 DEBUG content 13899 _a-0000e323-440f-8000-61d0-01ef9001ef90_142601 Exporting binary resources.
2021-07-12 11:57:23.204 DEBUG content 13899 _a-0000e323-440f-8000-61d0-01ef9001ef90_142601 Serializing object to XML.
2021-07-12 11:57:23.204 DEBUG content 13899 _a-0000e323-440f-8000-61d0-01ef9001ef90_142601 Object transported.
2021-07-12 11:57:23.204 DEBUG content 83967 _a-0000e6a2-9d8e-8000-622c-01ef9001ef90_988062 Begin transport.
2021-07-12 11:57:23.204 DEBUG content 83967 _a-0000e6a2-9d8e-8000-622c-01ef9001ef90_988062 Retrieving object data.
2021-07-12 11:57:23.21 DEBUG content 83967 _a-0000e6a2-9d8e-8000-622c-01ef9001ef90_988062 Setting uuids of object references.
2021-07-12 11:57:23.21 DEBUG content 83967 _a-0000e6a2-9d8e-8000-622c-01ef9001ef90_988062 Processing reference: [Content:id=83933,versionId=-1,name=stopwatchTimerComponentWithAutoStopSample,type=32,subtype=6,uuid=_a-0000e6a2-9d8e-8000-622c-01ef9001ef90_988062,parent=13465]
2021-07-12 11:57:23.213 DEBUG content 83967 _a-0000e6a2-9d8e-8000-622c-01ef9001ef90_988062 Processing reference: Interface.forum
2021-07-12 11:57:23.213 DEBUG content 83967 _a-0000e6a2-9d8e-8000-622c-01ef9001ef90_988062 Processing reference: Interface.parent
2021-07-12 11:57:23.215 DEBUG content 83967 _a-0000e6a2-9d8e-8000-622c-01ef9001ef90_988062 Processing reference: com.appiancorp.suiteapi.content.ContentRoleMap@72d9108c[
  ContentRole[name=readers,inherit=true,allowForAll=false]
  ContentRole[name=authors,inherit=true,allowForAll=false]
  ContentRole[name=administrators,inherit=true,allowForAll=false]
  ContentRole[name=denyReaders,inherit=false,allowForAll=false]
  ContentRole[name=denyAuthors,inherit=false,allowForAll=false]
  ContentRole[name=denyAdministrators,inherit=false,allowForAll=false]
  securityVector=15:SEC_PUBLIC=true,SEC_CREATOR_ADMIN=false,SEC_INH_ADMIN=true,SEC_INH_EDITOR=true,SEC_INH_VIEWER=true,SEC_ALL_ADMIN=false,SEC_ALL_EDITOR=false,SEC_ALL_VIEWER=false
]
2021-07-12 11:57:23.215 DEBUG content 83967 _a-0000e6a2-9d8e-8000-622c-01ef9001ef90_988062 Processing reference: ContentRole[name=readers,inherit=true,allowForAll=false]
2021-07-12 11:57:23.215 DEBUG content 83967 _a-0000e6a2-9d8e-8000-622c-01ef9001ef90_988062 Processing reference: ContentRole[name=authors,inherit=true,allowForAll=false]
2021-07-12 11:57:23.215 DEBUG content 83967 _a-0000e6a2-9d8e-8000-622c-01ef9001ef90_988062 Processing reference: ContentRole[name=administrators,inherit=true,allowForAll=false]
2021-07-12 11:57:23.215 DEBUG content 83967 _a-0000e6a2-9d8e-8000-622c-01ef9001ef90_988062 Processing reference: ContentRole[name=denyReaders,inherit=false,allowForAll=false]
2021-07-12 11:57:23.215 DEBUG content 83967 _a-0000e6a2-9d8e-8000-622c-01ef9001ef90_988062 Processing reference: ContentRole[name=denyAuthors,inherit=false,allowForAll=false]
2021-07-12 11:57:23.215 DEBUG content 83967 _a-0000e6a2-9d8e-8000-622c-01ef9001ef90_988062 Processing reference: ContentRole[name=denyAdministrators,inherit=false,allowForAll=false]
2021-07-12 11:57:23.215 DEBUG content 83967 _a-0000e6a2-9d8e-8000-622c-01ef9001ef90_988062 Completing produce.
2021-07-12 11:57:23.215 DEBUG content 83967 _a-0000e6a2-9d8e-8000-622c-01ef9001ef90_988062 Exporting binary resources.
2021-07-12 11:57:23.215 DEBUG content 83967 _a-0000e6a2-9d8e-8000-622c-01ef9001ef90_988062 Serializing object to XML.
2021-07-12 11:57:23.216 DEBUG content 83967 _a-0000e6a2-9d8e-8000-622c-01ef9001ef90_988062 Object transported.
2021-07-12 11:57:23.217 DEBUG tempoReport 75 1c96764b-337b-48ce-8a98-04d167489891 Begin transport.
2021-07-12 11:57:23.217 DEBUG tempoReport 75 1c96764b-337b-48ce-8a98-04d167489891 Retrieving object data.
2021-07-12 11:57:23.224 DEBUG tempoReport 75 1c96764b-337b-48ce-8a98-04d167489891 Setting uuids of object references.
2021-07-12 11:57:23.226 DEBUG tempoReport 75 1c96764b-337b-48ce-8a98-04d167489891 Processing reference: UiContainer.uiExpr
2021-07-12 11:57:23.228 DEBUG tempoReport 75 1c96764b-337b-48ce-8a98-04d167489891 Completing produce.
2021-07-12 11:57:23.228 DEBUG tempoReport 75 1c96764b-337b-48ce-8a98-04d167489891 Exporting binary resources.
2021-07-12 11:57:23.228 DEBUG tempoReport 75 1c96764b-337b-48ce-8a98-04d167489891 Serializing object to XML.
2021-07-12 11:57:23.229 DEBUG tempoReport 75 1c96764b-337b-48ce-8a98-04d167489891 Object transported.
2021-07-12 11:57:23.229 DEBUG tempoReport 156 2259ef01-d9ee-4fac-834f-fe34b7b0e611 Begin transport.
2021-07-12 11:57:23.229 DEBUG tempoReport 156 2259ef01-d9ee-4fac-834f-fe34b7b0e611 Retrieving object data.
2021-07-12 11:57:23.234 DEBUG tempoReport 156 2259ef01-d9ee-4fac-834f-fe34b7b0e611 Setting uuids of object references.
2021-07-12 11:57:23.234 DEBUG tempoReport 156 2259ef01-d9ee-4fac-834f-fe34b7b0e611 Processing reference: UiContainer.uiExpr
2021-07-12 11:57:23.236 DEBUG tempoReport 156 2259ef01-d9ee-4fac-834f-fe34b7b0e611 Completing produce.
2021-07-12 11:57:23.236 DEBUG tempoReport 156 2259ef01-d9ee-4fac-834f-fe34b7b0e611 Exporting binary resources.
2021-07-12 11:57:23.236 DEBUG tempoReport 156 2259ef01-d9ee-4fac-834f-fe34b7b0e611 Serializing object to XML.
2021-07-12 11:57:23.236 DEBUG tempoReport 156 2259ef01-d9ee-4fac-834f-fe34b7b0e611 Object transported.
2021-07-12 11:57:23.237 DEBUG site 43 e101a307-fa44-4f52-888d-9bf46ac20739 Begin transport.
2021-07-12 11:57:23.237 DEBUG site 43 e101a307-fa44-4f52-888d-9bf46ac20739 Retrieving object data.
2021-07-12 11:57:23.243 DEBUG site 43 e101a307-fa44-4f52-888d-9bf46ac20739 Setting uuids of object references.
2021-07-12 11:57:23.246 DEBUG site 43 e101a307-fa44-4f52-888d-9bf46ac20739 Processing reference: SiteTemplate.faviconRef
2021-07-12 11:57:23.248 DEBUG site 43 e101a307-fa44-4f52-888d-9bf46ac20739 Processing reference: SiteTemplate.logoRef
2021-07-12 11:57:23.251 DEBUG site 43 e101a307-fa44-4f52-888d-9bf46ac20739 Processing reference: SitePage.uiObject
2021-07-12 11:57:23.253 DEBUG site 43 e101a307-fa44-4f52-888d-9bf46ac20739 Processing reference: SitePage.visibilityExpr
2021-07-12 11:57:23.254 DEBUG site 43 e101a307-fa44-4f52-888d-9bf46ac20739 Processing reference: SitePage.uiObject
2021-07-12 11:57:23.255 DEBUG site 43 e101a307-fa44-4f52-888d-9bf46ac20739 Processing reference: SitePage.visibilityExpr
2021-07-12 11:57:23.257 DEBUG site 43 e101a307-fa44-4f52-888d-9bf46ac20739 Processing reference: SiteTemplate.tasksInSitesViewerRefsFromUuids
2021-07-12 11:57:23.258 DEBUG site 43 e101a307-fa44-4f52-888d-9bf46ac20739 Processing reference: SiteTemplate.tempoLinkViewerRefsFromUuids
2021-07-12 11:57:23.26 DEBUG site 43 e101a307-fa44-4f52-888d-9bf46ac20739 Completing produce.
2021-07-12 11:57:23.26 DEBUG site 43 e101a307-fa44-4f52-888d-9bf46ac20739 Exporting binary resources.
2021-07-12 11:57:23.26 DEBUG site 43 e101a307-fa44-4f52-888d-9bf46ac20739 Serializing object to XML.
2021-07-12 11:57:23.264 DEBUG site 43 e101a307-fa44-4f52-888d-9bf46ac20739 Object transported.
2021-07-12 11:57:23.264 DEBUG application 13464 _a-0000e323-440f-8000-61d0-01ef9001ef90_142549 Completing produce.
2021-07-12 11:57:23.264 DEBUG application 13464 _a-0000e323-440f-8000-61d0-01ef9001ef90_142549 Exporting binary resources.
2021-07-12 11:57:23.264 DEBUG application 13464 _a-0000e323-440f-8000-61d0-01ef9001ef90_142549 Serializing object to XML.
2021-07-12 11:57:23.266 DEBUG application 13464 _a-0000e323-440f-8000-61d0-01ef9001ef90_142549 Object transported.
